#
# There is insufficient memory for the Java Runtime Environment to continue.
# Native memory allocation (malloc) failed to allocate 32784 bytes for Chunk::new
# Possible reasons:
#   The system is out of physical RAM or swap space
#   The process is running with CompressedOops enabled, and the Java Heap may be blocking the growth of the native heap
# Possible solutions:
#   Reduce memory load on the system
#   Increase physical memory or swap space
#   Check if swap backing store is full
#   Decrease Java heap size (-Xmx/-Xms)
#   Decrease number of Java threads
#   Decrease Java thread stack sizes (-Xss)
#   Set larger code cache with -XX:ReservedCodeCacheSize=
#   JVM is running with Zero Based Compressed Oops mode in which the Java heap is
#     placed in the first 32GB address space. The Java Heap base address is the
#     maximum limit for the native heap growth. Please use -XX:HeapBaseMinAddress
#     to set the Java Heap base and to place the Java Heap above 32GB virtual address.
# This output file may be truncated or incomplete.
#
#  Out of Memory Error (allocation.cpp:389), pid=8796, tid=0x0000000000001ca8
#
# JRE version: Java(TM) SE Runtime Environment (8.0_261-b12) (build 1.8.0_261-b12)
# Java VM: Java HotSpot(TM) 64-Bit Server VM (25.261-b12 mixed mode windows-amd64 compressed oops)
# Failed to write core dump. Minidumps are not enabled by default on client versions of Windows
#

---------------  T H R E A D  ---------------

Current thread (0x000002311bfb7000):  JavaThread "C2 CompilerThread0" daemon [_thread_in_native, id=7336, stack(0x000000faa7900000,0x000000faa7a00000)]

Stack: [0x000000faa7900000,0x000000faa7a00000]
Native frames: (J=compiled Java code, j=interpreted, Vv=VM code, C=native code)
V  [jvm.dll+0x33e5f9]
V  [jvm.dll+0x2850e2]
V  [jvm.dll+0x285d8d]
V  [jvm.dll+0x27c895]
V  [jvm.dll+0xe4d6c]
V  [jvm.dll+0xe556c]
V  [jvm.dll+0xe50bd]
V  [jvm.dll+0x4d506f]
V  [jvm.dll+0x46b936]
V  [jvm.dll+0x46cce9]
V  [jvm.dll+0x46ac19]
V  [jvm.dll+0x46a2ca]
V  [jvm.dll+0x44f80e]
V  [jvm.dll+0x44ecb5]
V  [jvm.dll+0x439bc7]
V  [jvm.dll+0xbbbcb]
V  [jvm.dll+0xba22b]
V  [jvm.dll+0x24d962]
V  [jvm.dll+0x2a1cfc]
C  [ucrtbase.dll+0x20e82]
C  [KERNEL32.DLL+0x17bd4]
C  [ntdll.dll+0x6ce51]


Current CompileTask:
C2:   5309 2559       4       core.cache.def.impl.NPCDefinition::parseOpcode (1551 bytes)


---------------  P R O C E S S  ---------------

Java Threads: ( => current thread )
  0x000002311f93e000 JavaThread "Abandoned connection cleanup thread" daemon [_thread_blocked, id=17188, stack(0x000000faa7f00000,0x000000faa8000000)]
  0x000002311dee3800 JavaThread "Service Thread" daemon [_thread_blocked, id=12944, stack(0x000000faa7d00000,0x000000faa7e00000)]
  0x000002311de19800 JavaThread "C1 CompilerThread3" daemon [_thread_blocked, id=16576, stack(0x000000faa7c00000,0x000000faa7d00000)]
  0x000002311bfbb800 JavaThread "C2 CompilerThread2" daemon [_thread_in_native, id=12244, stack(0x000000faa7b00000,0x000000faa7c00000)]
  0x000002311bfb7800 JavaThread "C2 CompilerThread1" daemon [_thread_in_native, id=5468, stack(0x000000faa7a00000,0x000000faa7b00000)]
=>0x000002311bfb7000 JavaThread "C2 CompilerThread0" daemon [_thread_in_native, id=7336, stack(0x000000faa7900000,0x000000faa7a00000)]
  0x000002311bfb5800 JavaThread "Monitor Ctrl-Break" daemon [_thread_in_native, id=10284, stack(0x000000faa7800000,0x000000faa7900000)]
  0x000002311bf44000 JavaThread "Attach Listener" daemon [_thread_blocked, id=18288, stack(0x000000faa7700000,0x000000faa7800000)]
  0x000002311bf43000 JavaThread "Signal Dispatcher" daemon [_thread_blocked, id=17616, stack(0x000000faa7600000,0x000000faa7700000)]
  0x000002311bf16000 JavaThread "Finalizer" daemon [_thread_blocked, id=9084, stack(0x000000faa7500000,0x000000faa7600000)]
  0x000002311bf0e000 JavaThread "Reference Handler" daemon [_thread_blocked, id=7528, stack(0x000000faa7400000,0x000000faa7500000)]
  0x0000023101251000 JavaThread "main" [_thread_in_Java, id=15456, stack(0x000000faa6a00000,0x000000faa6b00000)]

Other Threads:
  0x000002311bee5800 VMThread [stack: 0x000000faa7300000,0x000000faa7400000] [id=15084]
  0x000002311deea000 WatcherThread [stack: 0x000000faa7e00000,0x000000faa7f00000] [id=1152]

VM state:not at safepoint (normal execution)

VM Mutex/Monitor currently owned by a thread: None

heap address: 0x00000006c1000000, size: 4080 MB, Compressed Oops mode: Zero based, Oop shift amount: 3
Narrow klass base: 0x0000000000000000, Narrow klass shift: 3
Compressed class space size: 1073741824 Address: 0x00000007c0000000

Heap:
 PSYoungGen      total 272896K, used 148619K [0x000000076b000000, 0x000000077c500000, 0x00000007c0000000)
  eden space 262144K, 56% used [0x000000076b000000,0x0000000774122c80,0x000000077b000000)
  from space 10752K, 0% used [0x000000077b000000,0x000000077b000000,0x000000077ba80000)
  to   space 10752K, 0% used [0x000000077ba80000,0x000000077ba80000,0x000000077c500000)
 ParOldGen       total 175104K, used 175054K [0x00000006c1000000, 0x00000006cbb00000, 0x000000076b000000)
  object space 175104K, 99% used [0x00000006c1000000,0x00000006cbaf3b48,0x00000006cbb00000)
 Metaspace       used 26896K, capacity 27044K, committed 27392K, reserved 1073152K
  class space    used 3398K, capacity 3462K, committed 3584K, reserved 1048576K

Card table byte_map: [0x0000023111fa0000,0x00000231127a0000] byte_map_base: 0x000002310e998000

Marking Bits: (ParMarkBitMap*) 0x0000000074144fb0
 Begin Bits: [0x0000023112cf0000, 0x0000023116cb0000)
 End Bits:   [0x0000023116cb0000, 0x000002311ac70000)

Polling page: 0x0000023101580000

CodeCache: size=245760Kb used=11883Kb max_used=11894Kb free=233876Kb
 bounds [0x0000023102be0000, 0x0000023103790000, 0x0000023111be0000]
 total_blobs=3105 nmethods=2580 adapters=437
 compilation: enabled

Compilation events (10 events):
Event: 5.283 Thread 0x000002311de19800 nmethod 2593 0x0000023102cf3d90 code [0x0000023102cf3ee0, 0x0000023102cf4058]
Event: 5.286 Thread 0x000002311de19800 2596       3       plugin.npc.other.RatNPC::construct (10 bytes)
Event: 5.286 Thread 0x000002311de19800 nmethod 2596 0x0000023102d44b10 code [0x0000023102d44ca0, 0x0000023102d45030]
Event: 5.286 Thread 0x000002311de19800 2597       3       plugin.npc.other.RatNPC::<init> (8 bytes)
Event: 5.286 Thread 0x000002311de19800 nmethod 2597 0x0000023102cf0050 code [0x0000023102cf01c0, 0x0000023102cf0490]
Event: 5.287 Thread 0x000002311bfb7800 nmethod 2587 0x0000023102cfc010 code [0x0000023102cfc1c0, 0x0000023102cfc6e8]
Event: 5.287 Thread 0x000002311bfb7800 2595       4       core.game.node.entity.npc.NPC::create (44 bytes)
Event: 5.291 Thread 0x000002311bfb7800 nmethod 2595 0x0000023102d08750 code [0x0000023102d088e0, 0x0000023102d08dd8]
Event: 5.291 Thread 0x000002311bfb7800 2598       4       core.game.node.entity.npc.NPC::create (10 bytes)
Event: 5.297 Thread 0x000002311de19800 2599       3       core.tools.RandomFunction::random (26 bytes)

GC Heap History (10 events):
Event: 2.479 GC heap before
{Heap before GC invocations=6 (full 1):
 PSYoungGen      total 272896K, used 10736K [0x000000076b000000, 0x000000077c500000, 0x00000007c0000000)
  eden space 262144K, 0% used [0x000000076b000000,0x000000076b000000,0x000000077b000000)
  from space 10752K, 99% used [0x000000077b000000,0x000000077ba7c050,0x000000077ba80000)
  to   space 10752K, 0% used [0x000000077ba80000,0x000000077ba80000,0x000000077c500000)
 ParOldGen       total 175104K, used 139689K [0x00000006c1000000, 0x00000006cbb00000, 0x000000076b000000)
  object space 175104K, 79% used [0x00000006c1000000,0x00000006c986a6a8,0x00000006cbb00000)
 Metaspace       used 11608K, capacity 11712K, committed 11904K, reserved 1060864K
  class space    used 1093K, capacity 1150K, committed 1152K, reserved 1048576K
Event: 2.566 GC heap after
Heap after GC invocations=6 (full 1):
 PSYoungGen      total 272896K, used 0K [0x000000076b000000, 0x000000077c500000, 0x00000007c0000000)
  eden space 262144K, 0% used [0x000000076b000000,0x000000076b000000,0x000000077b000000)
  from space 10752K, 0% used [0x000000077b000000,0x000000077b000000,0x000000077ba80000)
  to   space 10752K, 0% used [0x000000077ba80000,0x000000077ba80000,0x000000077c500000)
 ParOldGen       total 175104K, used 138498K [0x00000006c1000000, 0x00000006cbb00000, 0x000000076b000000)
  object space 175104K, 79% used [0x00000006c1000000,0x00000006c9740b18,0x00000006cbb00000)
 Metaspace       used 11596K, capacity 11694K, committed 11904K, reserved 1060864K
  class space    used 1091K, capacity 1147K, committed 1152K, reserved 1048576K
}
Event: 2.791 GC heap before
{Heap before GC invocations=7 (full 2):
 PSYoungGen      total 272896K, used 262144K [0x000000076b000000, 0x000000077c500000, 0x00000007c0000000)
  eden space 262144K, 100% used [0x000000076b000000,0x000000077b000000,0x000000077b000000)
  from space 10752K, 0% used [0x000000077b000000,0x000000077b000000,0x000000077ba80000)
  to   space 10752K, 0% used [0x000000077ba80000,0x000000077ba80000,0x000000077c500000)
 ParOldGen       total 175104K, used 138506K [0x00000006c1000000, 0x00000006cbb00000, 0x000000076b000000)
  object space 175104K, 79% used [0x00000006c1000000,0x00000006c9742b28,0x00000006cbb00000)
 Metaspace       used 11732K, capacity 11942K, committed 12288K, reserved 1060864K
  class space    used 1101K, capacity 1193K, committed 1280K, reserved 1048576K
Event: 2.985 GC heap after
Heap after GC invocations=7 (full 2):
 PSYoungGen      total 272896K, used 0K [0x000000076b000000, 0x000000077c500000, 0x00000007c0000000)
  eden space 262144K, 0% used [0x000000076b000000,0x000000076b000000,0x000000077b000000)
  from space 10752K, 0% used [0x000000077b000000,0x000000077b000000,0x000000077ba80000)
  to   space 10752K, 0% used [0x000000077ba80000,0x000000077ba80000,0x000000077c500000)
 ParOldGen       total 175104K, used 157419K [0x00000006c1000000, 0x00000006cbb00000, 0x000000076b000000)
  object space 175104K, 89% used [0x00000006c1000000,0x00000006ca9baff0,0x00000006cbb00000)
 Metaspace       used 11706K, capacity 11876K, committed 12288K, reserved 1060864K
  class space    used 1095K, capacity 1182K, committed 1280K, reserved 1048576K
}
Event: 3.957 GC heap before
{Heap before GC invocations=8 (full 3):
 PSYoungGen      total 272896K, used 246001K [0x000000076b000000, 0x000000077c500000, 0x00000007c0000000)
  eden space 262144K, 93% used [0x000000076b000000,0x000000077a03c5e0,0x000000077b000000)
  from space 10752K, 0% used [0x000000077b000000,0x000000077b000000,0x000000077ba80000)
  to   space 10752K, 0% used [0x000000077ba80000,0x000000077ba80000,0x000000077c500000)
 ParOldGen       total 175104K, used 157419K [0x00000006c1000000, 0x00000006cbb00000, 0x000000076b000000)
  object space 175104K, 89% used [0x00000006c1000000,0x00000006ca9baff0,0x00000006cbb00000)
 Metaspace       used 20965K, capacity 21122K, committed 21296K, reserved 1069056K
  class space    used 2582K, capacity 2661K, committed 2688K, reserved 1048576K
Event: 4.109 GC heap after
Heap after GC invocations=8 (full 3):
 PSYoungGen      total 272896K, used 0K [0x000000076b000000, 0x000000077c500000, 0x00000007c0000000)
  eden space 262144K, 0% used [0x000000076b000000,0x000000076b000000,0x000000077b000000)
  from space 10752K, 0% used [0x000000077b000000,0x000000077b000000,0x000000077ba80000)
  to   space 10752K, 0% used [0x000000077ba80000,0x000000077ba80000,0x000000077c500000)
 ParOldGen       total 175104K, used 153223K [0x00000006c1000000, 0x00000006cbb00000, 0x000000076b000000)
  object space 175104K, 87% used [0x00000006c1000000,0x00000006ca5a1c68,0x00000006cbb00000)
 Metaspace       used 20965K, capacity 21122K, committed 21296K, reserved 1069056K
  class space    used 2582K, capacity 2661K, committed 2688K, reserved 1048576K
}
Event: 4.791 GC heap before
{Heap before GC invocations=9 (full 4):
 PSYoungGen      total 272896K, used 262144K [0x000000076b000000, 0x000000077c500000, 0x00000007c0000000)
  eden space 262144K, 100% used [0x000000076b000000,0x000000077b000000,0x000000077b000000)
  from space 10752K, 0% used [0x000000077b000000,0x000000077b000000,0x000000077ba80000)
  to   space 10752K, 0% used [0x000000077ba80000,0x000000077ba80000,0x000000077c500000)
 ParOldGen       total 175104K, used 153225K [0x00000006c1000000, 0x00000006cbb00000, 0x000000076b000000)
  object space 175104K, 87% used [0x00000006c1000000,0x00000006ca5a2568,0x00000006cbb00000)
 Metaspace       used 26774K, capacity 26980K, committed 27392K, reserved 1073152K
  class space    used 3393K, capacity 3462K, committed 3584K, reserved 1048576K
Event: 4.871 GC heap after
Heap after GC invocations=9 (full 4):
 PSYoungGen      total 272896K, used 0K [0x000000076b000000, 0x000000077c500000, 0x00000007c0000000)
  eden space 262144K, 0% used [0x000000076b000000,0x000000076b000000,0x000000077b000000)
  from space 10752K, 0% used [0x000000077b000000,0x000000077b000000,0x000000077ba80000)
  to   space 10752K, 0% used [0x000000077ba80000,0x000000077ba80000,0x000000077c500000)
 ParOldGen       total 175104K, used 158041K [0x00000006c1000000, 0x00000006cbb00000, 0x000000076b000000)
  object space 175104K, 90% used [0x00000006c1000000,0x00000006caa56718,0x00000006cbb00000)
 Metaspace       used 26774K, capacity 26980K, committed 27392K, reserved 1073152K
  class space    used 3393K, capacity 3462K, committed 3584K, reserved 1048576K
}
Event: 5.091 GC heap before
{Heap before GC invocations=10 (full 5):
 PSYoungGen      total 272896K, used 262144K [0x000000076b000000, 0x000000077c500000, 0x00000007c0000000)
  eden space 262144K, 100% used [0x000000076b000000,0x000000077b000000,0x000000077b000000)
  from space 10752K, 0% used [0x000000077b000000,0x000000077b000000,0x000000077ba80000)
  to   space 10752K, 0% used [0x000000077ba80000,0x000000077ba80000,0x000000077c500000)
 ParOldGen       total 175104K, used 158041K [0x00000006c1000000, 0x00000006cbb00000, 0x000000076b000000)
  object space 175104K, 90% used [0x00000006c1000000,0x00000006caa56718,0x00000006cbb00000)
 Metaspace       used 26889K, capacity 27044K, committed 27392K, reserved 1073152K
  class space    used 3398K, capacity 3462K, committed 3584K, reserved 1048576K
Event: 5.273 GC heap after
Heap after GC invocations=10 (full 5):
 PSYoungGen      total 272896K, used 112593K [0x000000076b000000, 0x000000077c500000, 0x00000007c0000000)
  eden space 262144K, 42% used [0x000000076b000000,0x0000000771df4658,0x000000077b000000)
  from space 10752K, 0% used [0x000000077b000000,0x000000077b000000,0x000000077ba80000)
  to   space 10752K, 0% used [0x000000077ba80000,0x000000077ba80000,0x000000077c500000)
 ParOldGen       total 175104K, used 175054K [0x00000006c1000000, 0x00000006cbb00000, 0x000000076b000000)
  object space 175104K, 99% used [0x00000006c1000000,0x00000006cbaf3b48,0x00000006cbb00000)
 Metaspace       used 26889K, capacity 27044K, committed 27392K, reserved 1073152K
  class space    used 3398K, capacity 3462K, committed 3584K, reserved 1048576K
}

Deoptimization events (10 events):
Event: 4.961 Thread 0x0000023101251000 Uncommon trap: reason=null_check action=make_not_entrant pc=0x000002310374ff80 method=core.cache.def.impl.NPCDefinition.getOptionHandler(ILjava/lang/String;)Lcore/game/interaction/OptionHandler; @ 47
Event: 4.964 Thread 0x0000023101251000 Uncommon trap: reason=unstable_if action=reinterpret pc=0x00000231031a703c method=java.lang.String.regionMatches(ZILjava/lang/String;II)Z @ 123
Event: 5.066 Thread 0x0000023101251000 Uncommon trap: reason=unstable_if action=reinterpret pc=0x0000023103779de8 method=core.game.node.entity.npc.NPC.configure()V @ 193
Event: 5.278 Thread 0x0000023101251000 Uncommon trap: reason=unstable_if action=reinterpret pc=0x00000231037837a8 method=core.game.node.entity.npc.NPC.init()V @ 214
Event: 5.283 Thread 0x0000023101251000 Uncommon trap: reason=speculate_class_check action=maybe_recompile pc=0x0000023102d01554 method=core.game.node.entity.npc.NPC.create(ILcore/game/world/map/Location;Lcore/game/world/map/Direction;[Ljava/lang/Object;)Lcore/game/node/entity/npc/NPC; @ 19
Event: 5.283 Thread 0x0000023101251000 Uncommon trap: reason=speculate_class_check action=maybe_recompile pc=0x0000023102d01554 method=core.game.node.entity.npc.NPC.create(ILcore/game/world/map/Location;Lcore/game/world/map/Direction;[Ljava/lang/Object;)Lcore/game/node/entity/npc/NPC; @ 19
Event: 5.283 Thread 0x0000023101251000 Uncommon trap: reason=speculate_class_check action=maybe_recompile pc=0x0000023102d01554 method=core.game.node.entity.npc.NPC.create(ILcore/game/world/map/Location;Lcore/game/world/map/Direction;[Ljava/lang/Object;)Lcore/game/node/entity/npc/NPC; @ 19
Event: 5.283 Thread 0x0000023101251000 Uncommon trap: reason=speculate_class_check action=maybe_recompile pc=0x0000023102d01554 method=core.game.node.entity.npc.NPC.create(ILcore/game/world/map/Location;Lcore/game/world/map/Direction;[Ljava/lang/Object;)Lcore/game/node/entity/npc/NPC; @ 19
Event: 5.287 Thread 0x0000023101251000 Uncommon trap: reason=speculate_class_check action=maybe_recompile pc=0x0000023102cfc540 method=core.game.node.entity.npc.NPC.create(ILcore/game/world/map/Location;Lcore/game/world/map/Direction;[Ljava/lang/Object;)Lcore/game/node/entity/npc/NPC; @ 19
Event: 5.287 Thread 0x0000023101251000 Uncommon trap: reason=speculate_class_check action=maybe_recompile pc=0x0000023102cfc540 method=core.game.node.entity.npc.NPC.create(ILcore/game/world/map/Location;Lcore/game/world/map/Direction;[Ljava/lang/Object;)Lcore/game/node/entity/npc/NPC; @ 19

Classes redefined (0 events):
No events

Internal exceptions (10 events):
Event: 4.630 Thread 0x0000023101251000 Exception <a 'java/lang/ClassNotFoundException': plugin/zone/IcePathZone> (0x000000076dd1cc90) thrown at [C:\jenkins\workspace\8-2-build-windows-amd64-cygwin\jdk8u261\295\hotspot\src\share\vm\classfile\systemDictionary.cpp, line 210]
Event: 4.631 Thread 0x0000023101251000 Exception <a 'java/lang/ClassNotFoundException': plugin/zone/TzhaarZone> (0x000000076dd4b260) thrown at [C:\jenkins\workspace\8-2-build-windows-amd64-cygwin\jdk8u261\295\hotspot\src\share\vm\classfile\systemDictionary.cpp, line 210]
Event: 4.632 Thread 0x0000023101251000 Exception <a 'java/lang/ClassNotFoundException': plugin/zone/WildernessAreaZone> (0x000000076ddf36f0) thrown at [C:\jenkins\workspace\8-2-build-windows-amd64-cygwin\jdk8u261\295\hotspot\src\share\vm\classfile\systemDictionary.cpp, line 210]
Event: 4.635 Thread 0x0000023101251000 Exception <a 'java/lang/ClassNotFoundException': plugin/zone/YanilleAgilityDungeon> (0x000000076de181f0) thrown at [C:\jenkins\workspace\8-2-build-windows-amd64-cygwin\jdk8u261\295\hotspot\src\share\vm\classfile\systemDictionary.cpp, line 210]
Event: 4.637 Thread 0x0000023101251000 Exception <a 'java/lang/ClassNotFoundException': plugin/zone/neitiznot/NeitiznotZone> (0x000000076de98b78) thrown at [C:\jenkins\workspace\8-2-build-windows-amd64-cygwin\jdk8u261\295\hotspot\src\share\vm\classfile\systemDictionary.cpp, line 210]
Event: 4.639 Thread 0x0000023101251000 Exception <a 'java/lang/ClassNotFoundException': plugin/zone/phasmatys/PhasmatysZone> (0x000000076dec4c48) thrown at [C:\jenkins\workspace\8-2-build-windows-amd64-cygwin\jdk8u261\295\hotspot\src\share\vm\classfile\systemDictionary.cpp, line 210]
Event: 4.644 Thread 0x0000023101251000 Exception <a 'java/lang/ClassNotFoundException': plugin/zone/phasmatys/TokenCollectOption> (0x000000076df905f0) thrown at [C:\jenkins\workspace\8-2-build-windows-amd64-cygwin\jdk8u261\295\hotspot\src\share\vm\classfile\systemDictionary.cpp, line 210]
Event: 4.644 Thread 0x0000023101251000 Exception <a 'java/lang/ClassNotFoundException': plugin/zone/rellekka/LightHousePlugin> (0x000000076df95908) thrown at [C:\jenkins\workspace\8-2-build-windows-amd64-cygwin\jdk8u261\295\hotspot\src\share\vm\classfile\systemDictionary.cpp, line 210]
Event: 4.645 Thread 0x0000023101251000 Exception <a 'java/lang/ClassNotFoundException': plugin/zone/rellekka/RellekkaZone> (0x000000076df9afd0) thrown at [C:\jenkins\workspace\8-2-build-windows-amd64-cygwin\jdk8u261\295\hotspot\src\share\vm\classfile\systemDictionary.cpp, line 210]
Event: 4.648 Thread 0x0000023101251000 Exception <a 'java/lang/ClassNotFoundException': plugin/zone/wbisland/WaterBirthIslandZone> (0x000000076e046da0) thrown at [C:\jenkins\workspace\8-2-build-windows-amd64-cygwin\jdk8u261\295\hotspot\src\share\vm\classfile\systemDictionary.cpp, line 210]

Events (10 events):
Event: 5.283 Thread 0x0000023101251000 DEOPT UNPACKING pc=0x0000023102c25843 sp=0x000000faa6afeec8 mode 2
Event: 5.283 Thread 0x0000023101251000 Uncommon trap: trap_request=0xffffff76 fr.pc=0x0000023102d01554
Event: 5.283 Thread 0x0000023101251000 DEOPT PACKING pc=0x0000023102d01554 sp=0x000000faa6afef30
Event: 5.283 Thread 0x0000023101251000 DEOPT UNPACKING pc=0x0000023102c25843 sp=0x000000faa6afeec8 mode 2
Event: 5.287 Thread 0x0000023101251000 Uncommon trap: trap_request=0xffffff76 fr.pc=0x0000023102cfc540
Event: 5.287 Thread 0x0000023101251000 DEOPT PACKING pc=0x0000023102cfc540 sp=0x000000faa6afef80
Event: 5.287 Thread 0x0000023101251000 DEOPT UNPACKING pc=0x0000023102c25843 sp=0x000000faa6afeeb8 mode 2
Event: 5.287 Thread 0x0000023101251000 Uncommon trap: trap_request=0xffffff76 fr.pc=0x0000023102cfc540
Event: 5.287 Thread 0x0000023101251000 DEOPT PACKING pc=0x0000023102cfc540 sp=0x000000faa6afef80
Event: 5.287 Thread 0x0000023101251000 DEOPT UNPACKING pc=0x0000023102c25843 sp=0x000000faa6afeeb8 mode 2


Dynamic libraries:
0x00007ff615100000 - 0x00007ff615147000 	C:\Program Files\Java\jdk1.8.0_261\bin\java.exe
0x00007ffd0d360000 - 0x00007ffd0d550000 	C:\Windows\SYSTEM32\ntdll.dll
0x00007ffd0bc60000 - 0x00007ffd0bd12000 	C:\Windows\System32\KERNEL32.DLL
0x00007ffd0a390000 - 0x00007ffd0a634000 	C:\Windows\System32\KERNELBASE.dll
0x00007ffd0b910000 - 0x00007ffd0b9b3000 	C:\Windows\System32\ADVAPI32.dll
0x00007ffd0b550000 - 0x00007ffd0b5ee000 	C:\Windows\System32\msvcrt.dll
0x00007ffd0b800000 - 0x00007ffd0b897000 	C:\Windows\System32\sechost.dll
0x00007ffd0b430000 - 0x00007ffd0b550000 	C:\Windows\System32\RPCRT4.dll
0x00007ffd0bdc0000 - 0x00007ffd0bf55000 	C:\Windows\System32\USER32.dll
0x00007ffd0b3e0000 - 0x00007ffd0b401000 	C:\Windows\System32\win32u.dll
0x00007ffd0bd20000 - 0x00007ffd0bd46000 	C:\Windows\System32\GDI32.dll
0x00007ffd0aab0000 - 0x00007ffd0ac46000 	C:\Windows\System32\gdi32full.dll
0x00007ffd0a740000 - 0x00007ffd0a7de000 	C:\Windows\System32\msvcp_win.dll
0x00007ffd0a640000 - 0x00007ffd0a73a000 	C:\Windows\System32\ucrtbase.dll
0x00007ffcfa3e0000 - 0x00007ffcfa664000 	C:\Windows\WinSxS\amd64_microsoft.windows.common-controls_6595b64144ccf1df_6.0.18362.1016_none_9e7a36bbe461dae4\COMCTL32.dll
0x00007ffd0cdd0000 - 0x00007ffd0d105000 	C:\Windows\System32\combase.dll
0x00007ffd0a7e0000 - 0x00007ffd0a860000 	C:\Windows\System32\bcryptPrimitives.dll
0x00007ffd0b9c0000 - 0x00007ffd0b9ee000 	C:\Windows\System32\IMM32.DLL
0x00007ffcf4120000 - 0x00007ffcf4135000 	C:\Program Files\Java\jdk1.8.0_261\jre\bin\vcruntime140.dll
0x00007ffceca00000 - 0x00007ffceca9b000 	C:\Program Files\Java\jdk1.8.0_261\jre\bin\msvcp140.dll
0x0000000073950000 - 0x00000000741bc000 	C:\Program Files\Java\jdk1.8.0_261\jre\bin\server\jvm.dll
0x00007ffd0c650000 - 0x00007ffd0c658000 	C:\Windows\System32\PSAPI.DLL
0x00007ffd06c70000 - 0x00007ffd06c79000 	C:\Windows\SYSTEM32\WSOCK32.dll
0x00007ffd03a00000 - 0x00007ffd03a0a000 	C:\Windows\SYSTEM32\VERSION.dll
0x00007ffd0cd60000 - 0x00007ffd0cdcf000 	C:\Windows\System32\WS2_32.dll
0x00007ffd06ef0000 - 0x00007ffd06f14000 	C:\Windows\SYSTEM32\WINMM.dll
0x00007ffd06ec0000 - 0x00007ffd06eed000 	C:\Windows\SYSTEM32\winmmbase.dll
0x00007ffd0a910000 - 0x00007ffd0a95a000 	C:\Windows\System32\cfgmgr32.dll
0x00007ffd0a240000 - 0x00007ffd0a251000 	C:\Windows\System32\kernel.appcore.dll
0x00007ffcf64a0000 - 0x00007ffcf64b0000 	C:\Program Files\Java\jdk1.8.0_261\jre\bin\verify.dll
0x00007ffcf0520000 - 0x00007ffcf054b000 	C:\Program Files\Java\jdk1.8.0_261\jre\bin\java.dll
0x00007ffcec000000 - 0x00007ffcec032000 	C:\Program Files\Java\jdk1.8.0_261\jre\bin\instrument.dll
0x00007ffcf0710000 - 0x00007ffcf0728000 	C:\Program Files\Java\jdk1.8.0_261\jre\bin\zip.dll
0x00007ffd0bf60000 - 0x00007ffd0c647000 	C:\Windows\System32\SHELL32.dll
0x00007ffd0d270000 - 0x00007ffd0d319000 	C:\Windows\System32\shcore.dll
0x00007ffd0ac50000 - 0x00007ffd0b3d2000 	C:\Windows\System32\windows.storage.dll
0x00007ffd0a2b0000 - 0x00007ffd0a2d3000 	C:\Windows\System32\profapi.dll
0x00007ffd0a260000 - 0x00007ffd0a2aa000 	C:\Windows\System32\powrprof.dll
0x00007ffd0a210000 - 0x00007ffd0a220000 	C:\Windows\System32\UMPDC.dll
0x00007ffd0cd00000 - 0x00007ffd0cd52000 	C:\Windows\System32\shlwapi.dll
0x00007ffd0a370000 - 0x00007ffd0a387000 	C:\Windows\System32\cryptsp.dll
0x00007ffcef030000 - 0x00007ffcef04a000 	C:\Program Files\JetBrains\IntelliJ IDEA Community Edition 2020.2\bin\breakgen64.dll
0x00007ffcefe70000 - 0x00007ffcefe8c000 	C:\Program Files\Java\jdk1.8.0_261\jre\bin\net.dll
0x00007ffd09a70000 - 0x00007ffd09ad7000 	C:\Windows\system32\mswsock.dll
0x00007ffd06d10000 - 0x00007ffd06d1d000 	C:\Program Files\Java\jdk1.8.0_261\jre\bin\management.dll
0x00007ffcefb00000 - 0x00007ffcefb13000 	C:\Program Files\Java\jdk1.8.0_261\jre\bin\nio.dll
0x00007ffcf2f80000 - 0x00007ffcf3174000 	C:\Windows\SYSTEM32\dbghelp.dll

VM Arguments:
jvm_args: -javaagent:C:\Program Files\JetBrains\IntelliJ IDEA Community Edition 2020.2\lib\idea_rt.jar=53766:C:\Program Files\JetBrains\IntelliJ IDEA Community Edition 2020.2\bin -Dfile.encoding=UTF-8 
java_command: core.Server
java_class_path (initial): C:\Program Files\Java\jdk1.8.0_261\jre\lib\charsets.jar;C:\Program Files\Java\jdk1.8.0_261\jre\lib\deploy.jar;C:\Program Files\Java\jdk1.8.0_261\jre\lib\ext\access-bridge-64.jar;C:\Program Files\Java\jdk1.8.0_261\jre\lib\ext\cldrdata.jar;C:\Program Files\Java\jdk1.8.0_261\jre\lib\ext\dnsns.jar;C:\Program Files\Java\jdk1.8.0_261\jre\lib\ext\jaccess.jar;C:\Program Files\Java\jdk1.8.0_261\jre\lib\ext\jfxrt.jar;C:\Program Files\Java\jdk1.8.0_261\jre\lib\ext\localedata.jar;C:\Program Files\Java\jdk1.8.0_261\jre\lib\ext\nashorn.jar;C:\Program Files\Java\jdk1.8.0_261\jre\lib\ext\sunec.jar;C:\Program Files\Java\jdk1.8.0_261\jre\lib\ext\sunjce_provider.jar;C:\Program Files\Java\jdk1.8.0_261\jre\lib\ext\sunmscapi.jar;C:\Program Files\Java\jdk1.8.0_261\jre\lib\ext\sunpkcs11.jar;C:\Program Files\Java\jdk1.8.0_261\jre\lib\ext\zipfs.jar;C:\Program Files\Java\jdk1.8.0_261\jre\lib\javaws.jar;C:\Program Files\Java\jdk1.8.0_261\jre\lib\jce.jar;C:\Program Files\Java\jdk1.8.0_261\jre\lib\jfr.jar;C:\Program Files\Java\jdk1.8.0_261\jre\lib\jfxswt.jar;C:\Program Files\Java\jdk1.8.0_261\jre\lib\jsse.jar;C:\Program Files\Java\jdk1.8.0_261\jre\lib\management-agent.jar;C:\Program Files\Java\jdk1.8.0_261\jre\lib\plugin.jar;C:\Program Files\Java\jdk1.8.0_261\jre\lib\resources.jar;C:\Program Files\Java\jdk1.8.0_261\jre\lib\rt.jar;C:\Users\jesse\OneDrive - Texas A&M University-San Antonio\Learning\Programming\Java\Projects\IdeaProj\custom2009\CompiledServer\production\RS-2009;C:\Program Files\JetBrains\IntelliJ IDEA Community Edition 2020.2\plugins\Kotlin\kotlinc\lib\kotlin-stdlib.jar;C:\Program Files\JetBrains\IntelliJ IDEA Community Edition 2020.2\plugins\Kotlin\kotlinc\lib\kotlin-reflect.jar;C:\Program Files\JetBrains\IntelliJ IDEA Community Edition 2020.2\plugins\Kotlin\kotlinc\lib\kotlin-test.jar;C:\Program Files\JetBrains\IntelliJ IDEA Community Edition 2020.2\plugins\Kotlin\kotlinc\lib\kotlin-stdlib-jdk7.jar;C:\Program Files\JetBrains\IntelliJ IDEA Community Ed
Launcher Type: SUN_STANDARD

Environment Variables:
JAVA_HOME=C:\Program Files\Java\jdk1.8.0_261
PATH=C:\Program Files (x86)\Common Files\Oracle\Java\javapath;C:\ProgramData\Oracle\Java\javapath;C:\Program Files\Java\jdk1.8.0_261\bin;C:\Windows\system32;C:\Windows;C:\Windows\System32\Wbem;C:\Windows\System32\WindowsPowerShell\v1.0\;C:\Windows\System32\OpenSSH\;C:\Program Files (x86)\NVIDIA Corporation\PhysX\Common;C:\Program Files\NVIDIA Corporation\NVIDIA NvDLISR;C:\Program Files\Git\cmd;C:\Program Files (x86)\GtkSharp\2.12\bin;C:\Program Files\SourceGear\Common\DiffMerge\;C:\Program Files\PuTTY\;C:\Users\jesse\anaconda3;C:\Users\jesse\anaconda3\Library\mingw-w64\bin;C:\Users\jesse\anaconda3\Library\usr\bin;C:\Users\jesse\anaconda3\Library\bin;C:\Users\jesse\anaconda3\Scripts;C:\Users\jesse\AppData\Local\Microsoft\WindowsApps;C:\Program Files\JetBrains\IntelliJ IDEA Community Edition 2020.2\bin;;C:\Gradle\gradle-6.6\bin;
USERNAME=jesse
OS=Windows_NT
PROCESSOR_IDENTIFIER=Intel64 Family 6 Model 158 Stepping 13, GenuineIntel



---------------  S Y S T E M  ---------------

OS: Windows 10.0 , 64 bit Build 18362 (10.0.18362.959)

CPU:total 8 (initial active 8) (8 cores per cpu, 1 threads per core) family 6 model 158 stepping 13, cmov, cx8, fxsr, mmx, sse, sse2, sse3, ssse3, sse4.1, sse4.2, popcnt, avx, avx2, aes, clmul, erms, rtm, 3dnowpref, lzcnt, tsc, tscinvbit, bmi1, bmi2, adx

Memory: 4k page, physical 16704064k(5328196k free), swap 67035712k(2124k free)

vm_info: Java HotSpot(TM) 64-Bit Server VM (25.261-b12) for windows-amd64 JRE (1.8.0_261-b12), built on Jun 18 2020 06:56:32 by "" with unknown MS VC++:1916

time: Fri Sep  4 14:45:29 2020
timezone: Central Daylight Time
elapsed time: 5 seconds (0d 0h 0m 5s)

