#
# There is insufficient memory for the Java Runtime Environment to continue.
# Native memory allocation (malloc) failed to allocate 65552 bytes for Chunk::new
# Possible reasons:
#   The system is out of physical RAM or swap space
#   The process is running with CompressedOops enabled, and the Java Heap may be blocking the growth of the native heap
# Possible solutions:
#   Reduce memory load on the system
#   Increase physical memory or swap space
#   Check if swap backing store is full
#   Decrease Java heap size (-Xmx/-Xms)
#   Decrease number of Java threads
#   Decrease Java thread stack sizes (-Xss)
#   Set larger code cache with -XX:ReservedCodeCacheSize=
#   JVM is running with Zero Based Compressed Oops mode in which the Java heap is
#     placed in the first 32GB address space. The Java Heap base address is the
#     maximum limit for the native heap growth. Please use -XX:HeapBaseMinAddress
#     to set the Java Heap base and to place the Java Heap above 32GB virtual address.
# This output file may be truncated or incomplete.
#
#  Out of Memory Error (allocation.cpp:389), pid=10976, tid=0x00000000000040b0
#
# JRE version: Java(TM) SE Runtime Environment (8.0_261-b12) (build 1.8.0_261-b12)
# Java VM: Java HotSpot(TM) 64-Bit Server VM (25.261-b12 mixed mode windows-amd64 compressed oops)
# Failed to write core dump. Minidumps are not enabled by default on client versions of Windows
#

---------------  T H R E A D  ---------------

Current thread (0x00000215f766f800):  JavaThread "C2 CompilerThread0" daemon [_thread_in_native, id=16560, stack(0x00000027f3e00000,0x00000027f3f00000)]

Stack: [0x00000027f3e00000,0x00000027f3f00000]
Native frames: (J=compiled Java code, j=interpreted, Vv=VM code, C=native code)
V  [jvm.dll+0x33e5f9]


Current CompileTask:
C2:   5550 2557       4       core.cache.def.impl.NPCDefinition::parseOpcode (1551 bytes)


---------------  P R O C E S S  ---------------

Java Threads: ( => current thread )
  0x00000215f91ad800 JavaThread "Abandoned connection cleanup thread" daemon [_thread_blocked, id=10256, stack(0x00000027f4400000,0x00000027f4500000)]
  0x00000215f7792800 JavaThread "Service Thread" daemon [_thread_blocked, id=18680, stack(0x00000027f4200000,0x00000027f4300000)]
  0x00000215f5846000 JavaThread "C1 CompilerThread3" daemon [_thread_blocked, id=15588, stack(0x00000027f4100000,0x00000027f4200000)]
  0x00000215f5843000 JavaThread "C2 CompilerThread2" daemon [_thread_in_native, id=6920, stack(0x00000027f4000000,0x00000027f4100000)]
  0x00000215f7670800 JavaThread "C2 CompilerThread1" daemon [_thread_blocked, id=8328, stack(0x00000027f3f00000,0x00000027f4000000)]
=>0x00000215f766f800 JavaThread "C2 CompilerThread0" daemon [_thread_in_native, id=16560, stack(0x00000027f3e00000,0x00000027f3f00000)]
  0x00000215f76cc800 JavaThread "Monitor Ctrl-Break" daemon [_thread_in_native, id=9948, stack(0x00000027f3d00000,0x00000027f3e00000)]
  0x00000215f57e2800 JavaThread "Attach Listener" daemon [_thread_blocked, id=2336, stack(0x00000027f3c00000,0x00000027f3d00000)]
  0x00000215f57e1800 JavaThread "Signal Dispatcher" daemon [_thread_blocked, id=4104, stack(0x00000027f3b00000,0x00000027f3c00000)]
  0x00000215f57ac000 JavaThread "Finalizer" daemon [_thread_blocked, id=18456, stack(0x00000027f3a00000,0x00000027f3b00000)]
  0x00000215f57a4800 JavaThread "Reference Handler" daemon [_thread_blocked, id=4908, stack(0x00000027f3900000,0x00000027f3a00000)]
  0x00000215dab31000 JavaThread "main" [_thread_in_native, id=17556, stack(0x00000027f2f00000,0x00000027f3000000)]

Other Threads:
  0x00000215f577c000 VMThread [stack: 0x00000027f3800000,0x00000027f3900000] [id=5016]
  0x00000215f7793000 WatcherThread [stack: 0x00000027f4300000,0x00000027f4400000] [id=7400]

VM state:not at safepoint (normal execution)

VM Mutex/Monitor currently owned by a thread: None

heap address: 0x00000006c1000000, size: 4080 MB, Compressed Oops mode: Zero based, Oop shift amount: 3
Narrow klass base: 0x0000000000000000, Narrow klass shift: 3
Compressed class space size: 1073741824 Address: 0x00000007c0000000

Heap:
 PSYoungGen      total 272896K, used 171357K [0x000000076b000000, 0x0000000792100000, 0x00000007c0000000)
  eden space 262144K, 65% used [0x000000076b000000,0x00000007757575e8,0x000000077b000000)
  from space 10752K, 0% used [0x000000077b000000,0x000000077b000000,0x000000077ba80000)
  to   space 57856K, 0% used [0x000000078e880000,0x000000078e880000,0x0000000792100000)
 ParOldGen       total 175104K, used 174767K [0x00000006c1000000, 0x00000006cbb00000, 0x000000076b000000)
  object space 175104K, 99% used [0x00000006c1000000,0x00000006cbaabd58,0x00000006cbb00000)
 Metaspace       used 26900K, capacity 27044K, committed 27392K, reserved 1073152K
  class space    used 3399K, capacity 3462K, committed 3584K, reserved 1048576K

Card table byte_map: [0x00000215eb830000,0x00000215ec030000] byte_map_base: 0x00000215e8228000

Marking Bits: (ParMarkBitMap*) 0x0000000074144fb0
 Begin Bits: [0x00000215ec580000, 0x00000215f0540000)
 End Bits:   [0x00000215f0540000, 0x00000215f4500000)

Polling page: 0x00000215dac90000

CodeCache: size=245760Kb used=8963Kb max_used=11786Kb free=236796Kb
 bounds [0x00000215dc470000, 0x00000215dd000000, 0x00000215eb470000]
 total_blobs=2703 nmethods=2178 adapters=437
 compilation: enabled

Compilation events (10 events):
Event: 5.533 Thread 0x00000215f7670800 2589       4       core.game.node.entity.impl.GameAttributes::setAttribute (57 bytes)
Event: 5.536 Thread 0x00000215f7670800 nmethod 2589 0x00000215dc6c19d0 code [0x00000215dc6c1b20, 0x00000215dc6c1de8]
Event: 5.536 Thread 0x00000215f7670800 2600       4       core.game.node.entity.npc.NPC::create (10 bytes)
Event: 5.540 Thread 0x00000215f5846000 2605       1       plugin.npc.other.ElementalNPC$ElementalDefinition::getId (5 bytes)
Event: 5.540 Thread 0x00000215f5846000 nmethod 2605 0x00000215dca98450 code [0x00000215dca985a0, 0x00000215dca986b8]
Event: 5.541 Thread 0x00000215f7670800 nmethod 2600 0x00000215dc6bf750 code [0x00000215dc6bf920, 0x00000215dc6bff90]
Event: 5.546 Thread 0x00000215f5846000 2606       3       java.util.Random::next (47 bytes)
Event: 5.547 Thread 0x00000215f5846000 nmethod 2606 0x00000215dc735890 code [0x00000215dc735a00, 0x00000215dc735e18]
Event: 5.547 Thread 0x00000215f5846000 2607       1       core.game.node.object.GameObject::getLocation (5 bytes)
Event: 5.547 Thread 0x00000215f5846000 nmethod 2607 0x00000215dcfd9910 code [0x00000215dcfd9a60, 0x00000215dcfd9b78]

GC Heap History (10 events):
Event: 2.740 GC heap before
{Heap before GC invocations=6 (full 1):
 PSYoungGen      total 272896K, used 10744K [0x000000076b000000, 0x0000000792100000, 0x00000007c0000000)
  eden space 262144K, 0% used [0x000000076b000000,0x000000076b000000,0x000000077b000000)
  from space 10752K, 99% used [0x000000077b000000,0x000000077ba7e1b8,0x000000077ba80000)
  to   space 57856K, 0% used [0x000000078e880000,0x000000078e880000,0x0000000792100000)
 ParOldGen       total 175104K, used 139989K [0x00000006c1000000, 0x00000006cbb00000, 0x000000076b000000)
  object space 175104K, 79% used [0x00000006c1000000,0x00000006c98b57b0,0x00000006cbb00000)
 Metaspace       used 11608K, capacity 11730K, committed 12032K, reserved 1060864K
  class space    used 1095K, capacity 1153K, committed 1280K, reserved 1048576K
Event: 2.834 GC heap after
Heap after GC invocations=6 (full 1):
 PSYoungGen      total 272896K, used 0K [0x000000076b000000, 0x0000000792100000, 0x00000007c0000000)
  eden space 262144K, 0% used [0x000000076b000000,0x000000076b000000,0x000000077b000000)
  from space 10752K, 0% used [0x000000077b000000,0x000000077b000000,0x000000077ba80000)
  to   space 57856K, 0% used [0x000000078e880000,0x000000078e880000,0x0000000792100000)
 ParOldGen       total 175104K, used 138601K [0x00000006c1000000, 0x00000006cbb00000, 0x000000076b000000)
  object space 175104K, 79% used [0x00000006c1000000,0x00000006c975a500,0x00000006cbb00000)
 Metaspace       used 11584K, capacity 11694K, committed 12032K, reserved 1060864K
  class space    used 1091K, capacity 1147K, committed 1280K, reserved 1048576K
}
Event: 3.076 GC heap before
{Heap before GC invocations=7 (full 2):
 PSYoungGen      total 272896K, used 262144K [0x000000076b000000, 0x0000000792100000, 0x00000007c0000000)
  eden space 262144K, 100% used [0x000000076b000000,0x000000077b000000,0x000000077b000000)
  from space 10752K, 0% used [0x000000077b000000,0x000000077b000000,0x000000077ba80000)
  to   space 57856K, 0% used [0x000000078e880000,0x000000078e880000,0x0000000792100000)
 ParOldGen       total 175104K, used 138633K [0x00000006c1000000, 0x00000006cbb00000, 0x000000076b000000)
  object space 175104K, 79% used [0x00000006c1000000,0x00000006c9762530,0x00000006cbb00000)
 Metaspace       used 11695K, capacity 11900K, committed 12032K, reserved 1060864K
  class space    used 1098K, capacity 1186K, committed 1280K, reserved 1048576K
Event: 3.266 GC heap after
Heap after GC invocations=7 (full 2):
 PSYoungGen      total 272896K, used 0K [0x000000076b000000, 0x0000000792100000, 0x00000007c0000000)
  eden space 262144K, 0% used [0x000000076b000000,0x000000076b000000,0x000000077b000000)
  from space 10752K, 0% used [0x000000077b000000,0x000000077b000000,0x000000077ba80000)
  to   space 57856K, 0% used [0x000000078e880000,0x000000078e880000,0x0000000792100000)
 ParOldGen       total 175104K, used 157592K [0x00000006c1000000, 0x00000006cbb00000, 0x000000076b000000)
  object space 175104K, 89% used [0x00000006c1000000,0x00000006ca9e6110,0x00000006cbb00000)
 Metaspace       used 11684K, capacity 11876K, committed 12032K, reserved 1060864K
  class space    used 1095K, capacity 1182K, committed 1280K, reserved 1048576K
}
Event: 4.219 GC heap before
{Heap before GC invocations=8 (full 3):
 PSYoungGen      total 272896K, used 241013K [0x000000076b000000, 0x0000000792100000, 0x00000007c0000000)
  eden space 262144K, 91% used [0x000000076b000000,0x0000000779b5d708,0x000000077b000000)
  from space 10752K, 0% used [0x000000077b000000,0x000000077b000000,0x000000077ba80000)
  to   space 57856K, 0% used [0x000000078e880000,0x000000078e880000,0x0000000792100000)
 ParOldGen       total 175104K, used 157592K [0x00000006c1000000, 0x00000006cbb00000, 0x000000076b000000)
  object space 175104K, 89% used [0x00000006c1000000,0x00000006ca9e6110,0x00000006cbb00000)
 Metaspace       used 21034K, capacity 21186K, committed 21296K, reserved 1069056K
  class space    used 2589K, capacity 2661K, committed 2688K, reserved 1048576K
Event: 4.362 GC heap after
Heap after GC invocations=8 (full 3):
 PSYoungGen      total 272896K, used 0K [0x000000076b000000, 0x0000000792100000, 0x00000007c0000000)
  eden space 262144K, 0% used [0x000000076b000000,0x000000076b000000,0x000000077b000000)
  from space 10752K, 0% used [0x000000077b000000,0x000000077b000000,0x000000077ba80000)
  to   space 57856K, 0% used [0x000000078e880000,0x000000078e880000,0x0000000792100000)
 ParOldGen       total 175104K, used 152671K [0x00000006c1000000, 0x00000006cbb00000, 0x000000076b000000)
  object space 175104K, 87% used [0x00000006c1000000,0x00000006ca517db0,0x00000006cbb00000)
 Metaspace       used 21034K, capacity 21186K, committed 21296K, reserved 1069056K
  class space    used 2589K, capacity 2661K, committed 2688K, reserved 1048576K
}
Event: 5.020 GC heap before
{Heap before GC invocations=9 (full 4):
 PSYoungGen      total 272896K, used 262144K [0x000000076b000000, 0x0000000792100000, 0x00000007c0000000)
  eden space 262144K, 100% used [0x000000076b000000,0x000000077b000000,0x000000077b000000)
  from space 10752K, 0% used [0x000000077b000000,0x000000077b000000,0x000000077ba80000)
  to   space 57856K, 0% used [0x000000078e880000,0x000000078e880000,0x0000000792100000)
 ParOldGen       total 175104K, used 152673K [0x00000006c1000000, 0x00000006cbb00000, 0x000000076b000000)
  object space 175104K, 87% used [0x00000006c1000000,0x00000006ca518688,0x00000006cbb00000)
 Metaspace       used 26768K, capacity 26980K, committed 27392K, reserved 1073152K
  class space    used 3393K, capacity 3462K, committed 3584K, reserved 1048576K
Event: 5.116 GC heap after
Heap after GC invocations=9 (full 4):
 PSYoungGen      total 272896K, used 0K [0x000000076b000000, 0x0000000792100000, 0x00000007c0000000)
  eden space 262144K, 0% used [0x000000076b000000,0x000000076b000000,0x000000077b000000)
  from space 10752K, 0% used [0x000000077b000000,0x000000077b000000,0x000000077ba80000)
  to   space 57856K, 0% used [0x000000078e880000,0x000000078e880000,0x0000000792100000)
 ParOldGen       total 175104K, used 158222K [0x00000006c1000000, 0x00000006cbb00000, 0x000000076b000000)
  object space 175104K, 90% used [0x00000006c1000000,0x00000006caa83800,0x00000006cbb00000)
 Metaspace       used 26768K, capacity 26980K, committed 27392K, reserved 1073152K
  class space    used 3393K, capacity 3462K, committed 3584K, reserved 1048576K
}
Event: 5.338 GC heap before
{Heap before GC invocations=10 (full 5):
 PSYoungGen      total 272896K, used 262144K [0x000000076b000000, 0x0000000792100000, 0x00000007c0000000)
  eden space 262144K, 100% used [0x000000076b000000,0x000000077b000000,0x000000077b000000)
  from space 10752K, 0% used [0x000000077b000000,0x000000077b000000,0x000000077ba80000)
  to   space 57856K, 0% used [0x000000078e880000,0x000000078e880000,0x0000000792100000)
 ParOldGen       total 175104K, used 158222K [0x00000006c1000000, 0x00000006cbb00000, 0x000000076b000000)
  object space 175104K, 90% used [0x00000006c1000000,0x00000006caa83800,0x00000006cbb00000)
 Metaspace       used 26884K, capacity 27044K, committed 27392K, reserved 1073152K
  class space    used 3398K, capacity 3462K, committed 3584K, reserved 1048576K
Event: 5.497 GC heap after
Heap after GC invocations=10 (full 5):
 PSYoungGen      total 272896K, used 108093K [0x000000076b000000, 0x0000000792100000, 0x00000007c0000000)
  eden space 262144K, 41% used [0x000000076b000000,0x000000077198f5f8,0x000000077b000000)
  from space 10752K, 0% used [0x000000077b000000,0x000000077b000000,0x000000077ba80000)
  to   space 57856K, 0% used [0x000000078e880000,0x000000078e880000,0x0000000792100000)
 ParOldGen       total 175104K, used 174767K [0x00000006c1000000, 0x00000006cbb00000, 0x000000076b000000)
  object space 175104K, 99% used [0x00000006c1000000,0x00000006cbaabd58,0x00000006cbb00000)
 Metaspace       used 26884K, capacity 27044K, committed 27392K, reserved 1073152K
  class space    used 3398K, capacity 3462K, committed 3584K, reserved 1048576K
}

Deoptimization events (10 events):
Event: 5.126 Thread 0x00000215dab31000 Uncommon trap: reason=unloaded action=reinterpret pc=0x00000215dc880dc8 method=org.json.simple.parser.Yylex.yylex()Lorg/json/simple/parser/Yytoken; @ 828
Event: 5.135 Thread 0x00000215dab31000 Uncommon trap: reason=unstable_if action=reinterpret pc=0x00000215dce45c08 method=core.game.world.map.build.RegionFlags.flagDoorObject(IIIIZ)V @ 425
Event: 5.136 Thread 0x00000215dab31000 Uncommon trap: reason=unstable_if action=reinterpret pc=0x00000215dcedf880 method=core.game.world.map.build.LandscapeParser.flagGameObject(Lcore/game/world/map/RegionPlane;IILcore/game/node/object/GameObject;ZZ)V @ 297
Event: 5.154 Thread 0x00000215dab31000 Uncommon trap: reason=unstable_if action=reinterpret pc=0x00000215dcde0dec method=core.game.world.map.build.MapscapeParser.clipMapscape(Lcore/game/world/map/Region;[[[B)V @ 53
Event: 5.202 Thread 0x00000215dab31000 Uncommon trap: reason=unstable_if action=reinterpret pc=0x00000215dcfb75c8 method=core.game.world.map.build.LandscapeParser.flagGameObject(Lcore/game/world/map/RegionPlane;IILcore/game/node/object/GameObject;ZZ)V @ 142
Event: 5.207 Thread 0x00000215dab31000 Uncommon trap: reason=unstable_if action=reinterpret pc=0x00000215dcfc0304 method=java.lang.String.regionMatches(ZILjava/lang/String;II)Z @ 123
Event: 5.211 Thread 0x00000215dab31000 Uncommon trap: reason=null_check action=make_not_entrant pc=0x00000215dcfca640 method=core.cache.def.impl.NPCDefinition.getOptionHandler(ILjava/lang/String;)Lcore/game/interaction/OptionHandler; @ 47
Event: 5.215 Thread 0x00000215dab31000 Uncommon trap: reason=unstable_if action=reinterpret pc=0x00000215dc8d5090 method=java.lang.String.regionMatches(ZILjava/lang/String;II)Z @ 123
Event: 5.215 Thread 0x00000215dab31000 Uncommon trap: reason=unstable_if action=reinterpret pc=0x00000215dca1813c method=java.lang.String.regionMatches(ZILjava/lang/String;II)Z @ 123
Event: 5.318 Thread 0x00000215dab31000 Uncommon trap: reason=unstable_if action=reinterpret pc=0x00000215dcfef428 method=core.game.node.entity.npc.NPC.configure()V @ 193

Classes redefined (0 events):
No events

Internal exceptions (10 events):
Event: 4.868 Thread 0x00000215dab31000 Exception <a 'java/lang/ClassNotFoundException': plugin/zone/IcePathZone> (0x000000076dd47f70) thrown at [C:\jenkins\workspace\8-2-build-windows-amd64-cygwin\jdk8u261\295\hotspot\src\share\vm\classfile\systemDictionary.cpp, line 210]
Event: 4.869 Thread 0x00000215dab31000 Exception <a 'java/lang/ClassNotFoundException': plugin/zone/TzhaarZone> (0x000000076dd76608) thrown at [C:\jenkins\workspace\8-2-build-windows-amd64-cygwin\jdk8u261\295\hotspot\src\share\vm\classfile\systemDictionary.cpp, line 210]
Event: 4.869 Thread 0x00000215dab31000 Exception <a 'java/lang/ClassNotFoundException': plugin/zone/WildernessAreaZone> (0x000000076de1ea98) thrown at [C:\jenkins\workspace\8-2-build-windows-amd64-cygwin\jdk8u261\295\hotspot\src\share\vm\classfile\systemDictionary.cpp, line 210]
Event: 4.872 Thread 0x00000215dab31000 Exception <a 'java/lang/ClassNotFoundException': plugin/zone/YanilleAgilityDungeon> (0x000000076de43598) thrown at [C:\jenkins\workspace\8-2-build-windows-amd64-cygwin\jdk8u261\295\hotspot\src\share\vm\classfile\systemDictionary.cpp, line 210]
Event: 4.873 Thread 0x00000215dab31000 Exception <a 'java/lang/ClassNotFoundException': plugin/zone/neitiznot/NeitiznotZone> (0x000000076dec3f20) thrown at [C:\jenkins\workspace\8-2-build-windows-amd64-cygwin\jdk8u261\295\hotspot\src\share\vm\classfile\systemDictionary.cpp, line 210]
Event: 4.875 Thread 0x00000215dab31000 Exception <a 'java/lang/ClassNotFoundException': plugin/zone/phasmatys/PhasmatysZone> (0x000000076deefff0) thrown at [C:\jenkins\workspace\8-2-build-windows-amd64-cygwin\jdk8u261\295\hotspot\src\share\vm\classfile\systemDictionary.cpp, line 210]
Event: 4.882 Thread 0x00000215dab31000 Exception <a 'java/lang/ClassNotFoundException': plugin/zone/phasmatys/TokenCollectOption> (0x000000076dfbb998) thrown at [C:\jenkins\workspace\8-2-build-windows-amd64-cygwin\jdk8u261\295\hotspot\src\share\vm\classfile\systemDictionary.cpp, line 210]
Event: 4.883 Thread 0x00000215dab31000 Exception <a 'java/lang/ClassNotFoundException': plugin/zone/rellekka/LightHousePlugin> (0x000000076dfc0cb0) thrown at [C:\jenkins\workspace\8-2-build-windows-amd64-cygwin\jdk8u261\295\hotspot\src\share\vm\classfile\systemDictionary.cpp, line 210]
Event: 4.883 Thread 0x00000215dab31000 Exception <a 'java/lang/ClassNotFoundException': plugin/zone/rellekka/RellekkaZone> (0x000000076dfc6378) thrown at [C:\jenkins\workspace\8-2-build-windows-amd64-cygwin\jdk8u261\295\hotspot\src\share\vm\classfile\systemDictionary.cpp, line 210]
Event: 4.886 Thread 0x00000215dab31000 Exception <a 'java/lang/ClassNotFoundException': plugin/zone/wbisland/WaterBirthIslandZone> (0x000000076e096438) thrown at [C:\jenkins\workspace\8-2-build-windows-amd64-cygwin\jdk8u261\295\hotspot\src\share\vm\classfile\systemDictionary.cpp, line 210]

Events (10 events):
Event: 5.528 Thread 0x00000215f5846000 flushing nmethod 0x00000215dcbf9110
Event: 5.528 Thread 0x00000215f5846000 flushing nmethod 0x00000215dcc09350
Event: 5.528 Thread 0x00000215f5846000 flushing nmethod 0x00000215dcc3d9d0
Event: 5.528 Thread 0x00000215f5846000 flushing nmethod 0x00000215dcc4c290
Event: 5.528 Thread 0x00000215f5846000 flushing nmethod 0x00000215dcc4d110
Event: 5.528 Thread 0x00000215f5846000 flushing nmethod 0x00000215dcc4dcd0
Event: 5.528 Thread 0x00000215f5846000 flushing nmethod 0x00000215dcc6c550
Event: 5.528 Thread 0x00000215f5846000 flushing nmethod 0x00000215dcc77510
Event: 5.538 loading class plugin/npc/other/ElementalNPC$ElementalDefinition
Event: 5.538 loading class plugin/npc/other/ElementalNPC$ElementalDefinition done


Dynamic libraries:
0x00007ff615100000 - 0x00007ff615147000 	C:\Program Files\Java\jdk1.8.0_261\bin\java.exe
0x00007ffd0d360000 - 0x00007ffd0d550000 	C:\Windows\SYSTEM32\ntdll.dll
0x00007ffd0bc60000 - 0x00007ffd0bd12000 	C:\Windows\System32\KERNEL32.DLL
0x00007ffd0a390000 - 0x00007ffd0a634000 	C:\Windows\System32\KERNELBASE.dll
0x00007ffd0b910000 - 0x00007ffd0b9b3000 	C:\Windows\System32\ADVAPI32.dll
0x00007ffd0b550000 - 0x00007ffd0b5ee000 	C:\Windows\System32\msvcrt.dll
0x00007ffd0b800000 - 0x00007ffd0b897000 	C:\Windows\System32\sechost.dll
0x00007ffd0b430000 - 0x00007ffd0b550000 	C:\Windows\System32\RPCRT4.dll
0x00007ffd0bdc0000 - 0x00007ffd0bf55000 	C:\Windows\System32\USER32.dll
0x00007ffd0b3e0000 - 0x00007ffd0b401000 	C:\Windows\System32\win32u.dll
0x00007ffd0bd20000 - 0x00007ffd0bd46000 	C:\Windows\System32\GDI32.dll
0x00007ffd0aab0000 - 0x00007ffd0ac46000 	C:\Windows\System32\gdi32full.dll
0x00007ffd0a740000 - 0x00007ffd0a7de000 	C:\Windows\System32\msvcp_win.dll
0x00007ffd0a640000 - 0x00007ffd0a73a000 	C:\Windows\System32\ucrtbase.dll
0x00007ffcfa3e0000 - 0x00007ffcfa664000 	C:\Windows\WinSxS\amd64_microsoft.windows.common-controls_6595b64144ccf1df_6.0.18362.1016_none_9e7a36bbe461dae4\COMCTL32.dll
0x00007ffd0cdd0000 - 0x00007ffd0d105000 	C:\Windows\System32\combase.dll
0x00007ffd0a7e0000 - 0x00007ffd0a860000 	C:\Windows\System32\bcryptPrimitives.dll
0x00007ffd0b9c0000 - 0x00007ffd0b9ee000 	C:\Windows\System32\IMM32.DLL
0x00007ffcef030000 - 0x00007ffcef045000 	C:\Program Files\Java\jdk1.8.0_261\jre\bin\vcruntime140.dll
0x00007ffce99d0000 - 0x00007ffce9a6b000 	C:\Program Files\Java\jdk1.8.0_261\jre\bin\msvcp140.dll
0x0000000073950000 - 0x00000000741bc000 	C:\Program Files\Java\jdk1.8.0_261\jre\bin\server\jvm.dll
0x00007ffd0c650000 - 0x00007ffd0c658000 	C:\Windows\System32\PSAPI.DLL
0x00007ffd06ef0000 - 0x00007ffd06f14000 	C:\Windows\SYSTEM32\WINMM.dll
0x00007ffd03a00000 - 0x00007ffd03a0a000 	C:\Windows\SYSTEM32\VERSION.dll
0x00007ffd06c70000 - 0x00007ffd06c79000 	C:\Windows\SYSTEM32\WSOCK32.dll
0x00007ffd0cd60000 - 0x00007ffd0cdcf000 	C:\Windows\System32\WS2_32.dll
0x00007ffd06ec0000 - 0x00007ffd06eed000 	C:\Windows\SYSTEM32\WINMMBASE.dll
0x00007ffd0a910000 - 0x00007ffd0a95a000 	C:\Windows\System32\cfgmgr32.dll
0x00007ffd0a240000 - 0x00007ffd0a251000 	C:\Windows\System32\kernel.appcore.dll
0x00007ffd06c80000 - 0x00007ffd06c90000 	C:\Program Files\Java\jdk1.8.0_261\jre\bin\verify.dll
0x00007ffcecdd0000 - 0x00007ffcecdfb000 	C:\Program Files\Java\jdk1.8.0_261\jre\bin\java.dll
0x00007ffce9990000 - 0x00007ffce99c2000 	C:\Program Files\Java\jdk1.8.0_261\jre\bin\instrument.dll
0x00007ffcecdb0000 - 0x00007ffcecdc8000 	C:\Program Files\Java\jdk1.8.0_261\jre\bin\zip.dll
0x00007ffd0bf60000 - 0x00007ffd0c647000 	C:\Windows\System32\SHELL32.dll
0x00007ffd0d270000 - 0x00007ffd0d319000 	C:\Windows\System32\shcore.dll
0x00007ffd0ac50000 - 0x00007ffd0b3d2000 	C:\Windows\System32\windows.storage.dll
0x00007ffd0a2b0000 - 0x00007ffd0a2d3000 	C:\Windows\System32\profapi.dll
0x00007ffd0a260000 - 0x00007ffd0a2aa000 	C:\Windows\System32\powrprof.dll
0x00007ffd0a210000 - 0x00007ffd0a220000 	C:\Windows\System32\UMPDC.dll
0x00007ffd0cd00000 - 0x00007ffd0cd52000 	C:\Windows\System32\shlwapi.dll
0x00007ffd0a370000 - 0x00007ffd0a387000 	C:\Windows\System32\cryptsp.dll
0x00007ffceba70000 - 0x00007ffceba8a000 	C:\Program Files\JetBrains\IntelliJ IDEA Community Edition 2020.2\bin\breakgen64.dll
0x00007ffcecd90000 - 0x00007ffcecdac000 	C:\Program Files\Java\jdk1.8.0_261\jre\bin\net.dll
0x00007ffd09a70000 - 0x00007ffd09ad7000 	C:\Windows\system32\mswsock.dll
0x00007ffd06d10000 - 0x00007ffd06d1d000 	C:\Program Files\Java\jdk1.8.0_261\jre\bin\management.dll
0x00007ffceca00000 - 0x00007ffceca13000 	C:\Program Files\Java\jdk1.8.0_261\jre\bin\nio.dll

VM Arguments:
jvm_args: -javaagent:C:\Program Files\JetBrains\IntelliJ IDEA Community Edition 2020.2\lib\idea_rt.jar=53745:C:\Program Files\JetBrains\IntelliJ IDEA Community Edition 2020.2\bin -Dfile.encoding=UTF-8 
java_command: core.Server
java_class_path (initial): C:\Program Files\Java\jdk1.8.0_261\jre\lib\charsets.jar;C:\Program Files\Java\jdk1.8.0_261\jre\lib\deploy.jar;C:\Program Files\Java\jdk1.8.0_261\jre\lib\ext\access-bridge-64.jar;C:\Program Files\Java\jdk1.8.0_261\jre\lib\ext\cldrdata.jar;C:\Program Files\Java\jdk1.8.0_261\jre\lib\ext\dnsns.jar;C:\Program Files\Java\jdk1.8.0_261\jre\lib\ext\jaccess.jar;C:\Program Files\Java\jdk1.8.0_261\jre\lib\ext\jfxrt.jar;C:\Program Files\Java\jdk1.8.0_261\jre\lib\ext\localedata.jar;C:\Program Files\Java\jdk1.8.0_261\jre\lib\ext\nashorn.jar;C:\Program Files\Java\jdk1.8.0_261\jre\lib\ext\sunec.jar;C:\Program Files\Java\jdk1.8.0_261\jre\lib\ext\sunjce_provider.jar;C:\Program Files\Java\jdk1.8.0_261\jre\lib\ext\sunmscapi.jar;C:\Program Files\Java\jdk1.8.0_261\jre\lib\ext\sunpkcs11.jar;C:\Program Files\Java\jdk1.8.0_261\jre\lib\ext\zipfs.jar;C:\Program Files\Java\jdk1.8.0_261\jre\lib\javaws.jar;C:\Program Files\Java\jdk1.8.0_261\jre\lib\jce.jar;C:\Program Files\Java\jdk1.8.0_261\jre\lib\jfr.jar;C:\Program Files\Java\jdk1.8.0_261\jre\lib\jfxswt.jar;C:\Program Files\Java\jdk1.8.0_261\jre\lib\jsse.jar;C:\Program Files\Java\jdk1.8.0_261\jre\lib\management-agent.jar;C:\Program Files\Java\jdk1.8.0_261\jre\lib\plugin.jar;C:\Program Files\Java\jdk1.8.0_261\jre\lib\resources.jar;C:\Program Files\Java\jdk1.8.0_261\jre\lib\rt.jar;C:\Users\jesse\OneDrive - Texas A&M University-San Antonio\Learning\Programming\Java\Projects\IdeaProj\custom2009\CompiledServer\production\RS-2009;C:\Program Files\JetBrains\IntelliJ IDEA Community Edition 2020.2\plugins\Kotlin\kotlinc\lib\kotlin-stdlib.jar;C:\Program Files\JetBrains\IntelliJ IDEA Community Edition 2020.2\plugins\Kotlin\kotlinc\lib\kotlin-reflect.jar;C:\Program Files\JetBrains\IntelliJ IDEA Community Edition 2020.2\plugins\Kotlin\kotlinc\lib\kotlin-test.jar;C:\Program Files\JetBrains\IntelliJ IDEA Community Edition 2020.2\plugins\Kotlin\kotlinc\lib\kotlin-stdlib-jdk7.jar;C:\Program Files\JetBrains\IntelliJ IDEA Community Ed
Launcher Type: SUN_STANDARD

Environment Variables:
JAVA_HOME=C:\Program Files\Java\jdk1.8.0_261
PATH=C:\Program Files (x86)\Common Files\Oracle\Java\javapath;C:\ProgramData\Oracle\Java\javapath;C:\Program Files\Java\jdk1.8.0_261\bin;C:\Windows\system32;C:\Windows;C:\Windows\System32\Wbem;C:\Windows\System32\WindowsPowerShell\v1.0\;C:\Windows\System32\OpenSSH\;C:\Program Files (x86)\NVIDIA Corporation\PhysX\Common;C:\Program Files\NVIDIA Corporation\NVIDIA NvDLISR;C:\Program Files\Git\cmd;C:\Program Files (x86)\GtkSharp\2.12\bin;C:\Program Files\SourceGear\Common\DiffMerge\;C:\Program Files\PuTTY\;C:\Users\jesse\anaconda3;C:\Users\jesse\anaconda3\Library\mingw-w64\bin;C:\Users\jesse\anaconda3\Library\usr\bin;C:\Users\jesse\anaconda3\Library\bin;C:\Users\jesse\anaconda3\Scripts;C:\Users\jesse\AppData\Local\Microsoft\WindowsApps;C:\Program Files\JetBrains\IntelliJ IDEA Community Edition 2020.2\bin;;C:\Gradle\gradle-6.6\bin;
USERNAME=jesse
OS=Windows_NT
PROCESSOR_IDENTIFIER=Intel64 Family 6 Model 158 Stepping 13, GenuineIntel



---------------  S Y S T E M  ---------------

OS: Windows 10.0 , 64 bit Build 18362 (10.0.18362.959)

CPU:total 8 (initial active 8) (8 cores per cpu, 1 threads per core) family 6 model 158 stepping 13, cmov, cx8, fxsr, mmx, sse, sse2, sse3, ssse3, sse4.1, sse4.2, popcnt, avx, avx2, aes, clmul, erms, rtm, 3dnowpref, lzcnt, tsc, tscinvbit, bmi1, bmi2, adx

Memory: 4k page, physical 16704064k(5682776k free), swap 67035712k(4120k free)

vm_info: Java HotSpot(TM) 64-Bit Server VM (25.261-b12) for windows-amd64 JRE (1.8.0_261-b12), built on Jun 18 2020 06:56:32 by "" with unknown MS VC++:1916

time: Sat Sep  5 16:48:47 2020
timezone: Central Daylight Time
elapsed time: 5 seconds (0d 0h 0m 5s)

