#
# There is insufficient memory for the Java Runtime Environment to continue.
# Native memory allocation (malloc) failed to allocate 32784 bytes for Chunk::new
# Possible reasons:
#   The system is out of physical RAM or swap space
#   The process is running with CompressedOops enabled, and the Java Heap may be blocking the growth of the native heap
# Possible solutions:
#   Reduce memory load on the system
#   Increase physical memory or swap space
#   Check if swap backing store is full
#   Decrease Java heap size (-Xmx/-Xms)
#   Decrease number of Java threads
#   Decrease Java thread stack sizes (-Xss)
#   Set larger code cache with -XX:ReservedCodeCacheSize=
#   JVM is running with Zero Based Compressed Oops mode in which the Java heap is
#     placed in the first 32GB address space. The Java Heap base address is the
#     maximum limit for the native heap growth. Please use -XX:HeapBaseMinAddress
#     to set the Java Heap base and to place the Java Heap above 32GB virtual address.
# This output file may be truncated or incomplete.
#
#  Out of Memory Error (allocation.cpp:389), pid=11612, tid=0x0000000000003024
#
# JRE version: Java(TM) SE Runtime Environment (8.0_261-b12) (build 1.8.0_261-b12)
# Java VM: Java HotSpot(TM) 64-Bit Server VM (25.261-b12 mixed mode windows-amd64 compressed oops)
# Failed to write core dump. Minidumps are not enabled by default on client versions of Windows
#

---------------  T H R E A D  ---------------

Current thread (0x0000026b434fd000):  JavaThread "C2 CompilerThread1" daemon [_thread_in_native, id=12324, stack(0x000000cb7e700000,0x000000cb7e800000)]

Stack: [0x000000cb7e700000,0x000000cb7e800000]
Native frames: (J=compiled Java code, j=interpreted, Vv=VM code, C=native code)
V  [jvm.dll+0x33e5f9]


Current CompileTask:
C2:   4519 1352   !   4       org.runite.jagex.ItemDefinition::parseOpcode (1350 bytes)


---------------  P R O C E S S  ---------------

Java Threads: ( => current thread )
  0x0000026b4936c800 JavaThread "Thread-7" daemon [_thread_blocked, id=18008, stack(0x000000cb7fd00000,0x000000cb7fe00000)]
  0x0000026b45d91800 JavaThread "Thread-6" daemon [_thread_blocked, id=9776, stack(0x000000cb7fa00000,0x000000cb7fb00000)]
  0x0000026b4877d800 JavaThread "Java Sound Event Dispatcher" daemon [_thread_blocked, id=14640, stack(0x000000cb7f600000,0x000000cb7f700000)]
  0x0000026b45d5f800 JavaThread "Thread-4" daemon [_thread_blocked, id=16148, stack(0x000000cb7f300000,0x000000cb7f400000)]
  0x0000026b45aa1800 JavaThread "Thread-3" daemon [_thread_in_Java, id=9180, stack(0x000000cb7f200000,0x000000cb7f300000)]
  0x0000026b286e0800 JavaThread "DestroyJavaVM" [_thread_blocked, id=18792, stack(0x000000cb7d700000,0x000000cb7d800000)]
  0x0000026b45a2c800 JavaThread "Thread-2" daemon [_thread_in_native, id=17676, stack(0x000000cb7f100000,0x000000cb7f200000)]
  0x0000026b459a5000 JavaThread "Thread-1" daemon [_thread_blocked, id=16708, stack(0x000000cb7f000000,0x000000cb7f100000)]
  0x0000026b45915800 JavaThread "AWT-EventQueue-0" [_thread_blocked, id=2888, stack(0x000000cb7ef00000,0x000000cb7f000000)]
  0x0000026b458f2800 JavaThread "AWT-Windows" daemon [_thread_in_native, id=18276, stack(0x000000cb7ee00000,0x000000cb7ef00000)]
  0x0000026b458f1800 JavaThread "AWT-Shutdown" [_thread_blocked, id=620, stack(0x000000cb7ed00000,0x000000cb7ee00000)]
  0x0000026b458ef000 JavaThread "Java2D Disposer" daemon [_thread_blocked, id=4252, stack(0x000000cb7ec00000,0x000000cb7ed00000)]
  0x0000026b453f2800 JavaThread "Service Thread" daemon [_thread_blocked, id=7448, stack(0x000000cb7ea00000,0x000000cb7eb00000)]
  0x0000026b434fe800 JavaThread "C1 CompilerThread3" daemon [_thread_blocked, id=16684, stack(0x000000cb7e900000,0x000000cb7ea00000)]
  0x0000026b434fd800 JavaThread "C2 CompilerThread2" daemon [_thread_in_native, id=18560, stack(0x000000cb7e800000,0x000000cb7e900000)]
=>0x0000026b434fd000 JavaThread "C2 CompilerThread1" daemon [_thread_in_native, id=12324, stack(0x000000cb7e700000,0x000000cb7e800000)]
  0x0000026b434f9000 JavaThread "C2 CompilerThread0" daemon [_thread_in_native, id=8656, stack(0x000000cb7e600000,0x000000cb7e700000)]
  0x0000026b45349800 JavaThread "Monitor Ctrl-Break" daemon [_thread_in_native, id=14912, stack(0x000000cb7e500000,0x000000cb7e600000)]
  0x0000026b43484000 JavaThread "Attach Listener" daemon [_thread_blocked, id=7844, stack(0x000000cb7e400000,0x000000cb7e500000)]
  0x0000026b43483000 JavaThread "Signal Dispatcher" daemon [_thread_blocked, id=15732, stack(0x000000cb7e300000,0x000000cb7e400000)]
  0x0000026b43459000 JavaThread "Finalizer" daemon [_thread_blocked, id=2260, stack(0x000000cb7e200000,0x000000cb7e300000)]
  0x0000026b43451800 JavaThread "Reference Handler" daemon [_thread_blocked, id=4860, stack(0x000000cb7e100000,0x000000cb7e200000)]

Other Threads:
  0x0000026b43429000 VMThread [stack: 0x000000cb7e000000,0x000000cb7e100000] [id=6808]
  0x0000026b4540b000 WatcherThread [stack: 0x000000cb7eb00000,0x000000cb7ec00000] [id=17000]

VM state:not at safepoint (normal execution)

VM Mutex/Monitor currently owned by a thread: None

heap address: 0x00000006c1000000, size: 4080 MB, Compressed Oops mode: Zero based, Oop shift amount: 3
Narrow klass base: 0x0000000000000000, Narrow klass shift: 3
Compressed class space size: 1073741824 Address: 0x00000007c0000000

Heap:
 PSYoungGen      total 76288K, used 55806K [0x000000076b000000, 0x0000000770500000, 0x00000007c0000000)
  eden space 65536K, 85% used [0x000000076b000000,0x000000076e67f838,0x000000076f000000)
  from space 10752K, 0% used [0x000000076fa80000,0x000000076fa80000,0x0000000770500000)
  to   space 10752K, 0% used [0x000000076f000000,0x000000076f000000,0x000000076fa80000)
 ParOldGen       total 175104K, used 7153K [0x00000006c1000000, 0x00000006cbb00000, 0x000000076b000000)
  object space 175104K, 4% used [0x00000006c1000000,0x00000006c16fc750,0x00000006cbb00000)
 Metaspace       used 14825K, capacity 14978K, committed 15104K, reserved 1062912K
  class space    used 1442K, capacity 1514K, committed 1536K, reserved 1048576K

Card table byte_map: [0x0000026b39530000,0x0000026b39d30000] byte_map_base: 0x0000026b35f28000

Marking Bits: (ParMarkBitMap*) 0x0000000074144fb0
 Begin Bits: [0x0000026b3a280000, 0x0000026b3e240000)
 End Bits:   [0x0000026b3e240000, 0x0000026b42200000)

Polling page: 0x0000026b288d0000

CodeCache: size=245760Kb used=6447Kb max_used=6461Kb free=239313Kb
 bounds [0x0000026b2a170000, 0x0000026b2a7d0000, 0x0000026b39170000]
 total_blobs=1998 nmethods=1422 adapters=489
 compilation: enabled

Compilation events (10 events):
Event: 4.508 Thread 0x0000026b434fe800 1422       3       org.runite.jagex.Class74::method1323 (133 bytes)
Event: 4.508 Thread 0x0000026b434fe800 nmethod 1422 0x0000026b2a7baf50 code [0x0000026b2a7bb0e0, 0x0000026b2a7bb518]
Event: 4.510 Thread 0x0000026b434fe800 1423       3       org.runite.jagex.Class155_Sub2::method2149 (99 bytes)
Event: 4.510 Thread 0x0000026b434fe800 nmethod 1423 0x0000026b2a7ba750 code [0x0000026b2a7ba8e0, 0x0000026b2a7bad10]
Event: 4.511 Thread 0x0000026b434fe800 1425   !   3       org.runite.jagex.RSString::method1538 (72 bytes)
Event: 4.511 Thread 0x0000026b434fe800 nmethod 1425 0x0000026b2a7bc010 code [0x0000026b2a7bc260, 0x0000026b2a7bd040]
Event: 4.511 Thread 0x0000026b434fe800 1426       3       java.lang.StringBuilder::append (8 bytes)
Event: 4.512 Thread 0x0000026b434fe800 nmethod 1426 0x0000026b2a7b6a10 code [0x0000026b2a7b6b80, 0x0000026b2a7b6d10]
Event: 4.512 Thread 0x0000026b434fe800 1427       3       java.lang.AbstractStringBuilder::append (62 bytes)
Event: 4.512 Thread 0x0000026b434fe800 nmethod 1427 0x0000026b2a7b7c90 code [0x0000026b2a7b7e80, 0x0000026b2a7b87c0]

GC Heap History (8 events):
Event: 0.974 GC heap before
{Heap before GC invocations=1 (full 0):
 PSYoungGen      total 76288K, used 31880K [0x000000076b000000, 0x0000000770500000, 0x00000007c0000000)
  eden space 65536K, 48% used [0x000000076b000000,0x000000076cf222e0,0x000000076f000000)
  from space 10752K, 0% used [0x000000076fa80000,0x000000076fa80000,0x0000000770500000)
  to   space 10752K, 0% used [0x000000076f000000,0x000000076f000000,0x000000076fa80000)
 ParOldGen       total 175104K, used 0K [0x00000006c1000000, 0x00000006cbb00000, 0x000000076b000000)
  object space 175104K, 0% used [0x00000006c1000000,0x00000006c1000000,0x00000006cbb00000)
 Metaspace       used 12613K, capacity 12776K, committed 12928K, reserved 1060864K
  class space    used 1306K, capacity 1381K, committed 1408K, reserved 1048576K
Event: 0.978 GC heap after
Heap after GC invocations=1 (full 0):
 PSYoungGen      total 76288K, used 10731K [0x000000076b000000, 0x0000000770500000, 0x00000007c0000000)
  eden space 65536K, 0% used [0x000000076b000000,0x000000076b000000,0x000000076f000000)
  from space 10752K, 99% used [0x000000076f000000,0x000000076fa7aed0,0x000000076fa80000)
  to   space 10752K, 0% used [0x000000076fa80000,0x000000076fa80000,0x0000000770500000)
 ParOldGen       total 175104K, used 4541K [0x00000006c1000000, 0x00000006cbb00000, 0x000000076b000000)
  object space 175104K, 2% used [0x00000006c1000000,0x00000006c146f580,0x00000006cbb00000)
 Metaspace       used 12613K, capacity 12776K, committed 12928K, reserved 1060864K
  class space    used 1306K, capacity 1381K, committed 1408K, reserved 1048576K
}
Event: 0.978 GC heap before
{Heap before GC invocations=2 (full 1):
 PSYoungGen      total 76288K, used 10731K [0x000000076b000000, 0x0000000770500000, 0x00000007c0000000)
  eden space 65536K, 0% used [0x000000076b000000,0x000000076b000000,0x000000076f000000)
  from space 10752K, 99% used [0x000000076f000000,0x000000076fa7aed0,0x000000076fa80000)
  to   space 10752K, 0% used [0x000000076fa80000,0x000000076fa80000,0x0000000770500000)
 ParOldGen       total 175104K, used 4541K [0x00000006c1000000, 0x00000006cbb00000, 0x000000076b000000)
  object space 175104K, 2% used [0x00000006c1000000,0x00000006c146f580,0x00000006cbb00000)
 Metaspace       used 12613K, capacity 12776K, committed 12928K, reserved 1060864K
  class space    used 1306K, capacity 1381K, committed 1408K, reserved 1048576K
Event: 0.987 GC heap after
Heap after GC invocations=2 (full 1):
 PSYoungGen      total 76288K, used 0K [0x000000076b000000, 0x0000000770500000, 0x00000007c0000000)
  eden space 65536K, 0% used [0x000000076b000000,0x000000076b000000,0x000000076f000000)
  from space 10752K, 0% used [0x000000076f000000,0x000000076f000000,0x000000076fa80000)
  to   space 10752K, 0% used [0x000000076fa80000,0x000000076fa80000,0x0000000770500000)
 ParOldGen       total 175104K, used 6086K [0x00000006c1000000, 0x00000006cbb00000, 0x000000076b000000)
  object space 175104K, 3% used [0x00000006c1000000,0x00000006c15f1a38,0x00000006cbb00000)
 Metaspace       used 12613K, capacity 12776K, committed 12928K, reserved 1060864K
  class space    used 1306K, capacity 1381K, committed 1408K, reserved 1048576K
}
Event: 1.975 GC heap before
{Heap before GC invocations=3 (full 1):
 PSYoungGen      total 76288K, used 15728K [0x000000076b000000, 0x0000000770500000, 0x00000007c0000000)
  eden space 65536K, 24% used [0x000000076b000000,0x000000076bf5c380,0x000000076f000000)
  from space 10752K, 0% used [0x000000076f000000,0x000000076f000000,0x000000076fa80000)
  to   space 10752K, 0% used [0x000000076fa80000,0x000000076fa80000,0x0000000770500000)
 ParOldGen       total 175104K, used 6086K [0x00000006c1000000, 0x00000006cbb00000, 0x000000076b000000)
  object space 175104K, 3% used [0x00000006c1000000,0x00000006c15f1a38,0x00000006cbb00000)
 Metaspace       used 13444K, capacity 13612K, committed 13824K, reserved 1060864K
  class space    used 1353K, capacity 1445K, committed 1536K, reserved 1048576K
Event: 1.976 GC heap after
Heap after GC invocations=3 (full 1):
 PSYoungGen      total 76288K, used 1376K [0x000000076b000000, 0x0000000770500000, 0x00000007c0000000)
  eden space 65536K, 0% used [0x000000076b000000,0x000000076b000000,0x000000076f000000)
  from space 10752K, 12% used [0x000000076fa80000,0x000000076fbd8330,0x0000000770500000)
  to   space 10752K, 0% used [0x000000076f000000,0x000000076f000000,0x000000076fa80000)
 ParOldGen       total 175104K, used 6094K [0x00000006c1000000, 0x00000006cbb00000, 0x000000076b000000)
  object space 175104K, 3% used [0x00000006c1000000,0x00000006c15f3a38,0x00000006cbb00000)
 Metaspace       used 13444K, capacity 13612K, committed 13824K, reserved 1060864K
  class space    used 1353K, capacity 1445K, committed 1536K, reserved 1048576K
}
Event: 1.976 GC heap before
{Heap before GC invocations=4 (full 2):
 PSYoungGen      total 76288K, used 1376K [0x000000076b000000, 0x0000000770500000, 0x00000007c0000000)
  eden space 65536K, 0% used [0x000000076b000000,0x000000076b000000,0x000000076f000000)
  from space 10752K, 12% used [0x000000076fa80000,0x000000076fbd8330,0x0000000770500000)
  to   space 10752K, 0% used [0x000000076f000000,0x000000076f000000,0x000000076fa80000)
 ParOldGen       total 175104K, used 6094K [0x00000006c1000000, 0x00000006cbb00000, 0x000000076b000000)
  object space 175104K, 3% used [0x00000006c1000000,0x00000006c15f3a38,0x00000006cbb00000)
 Metaspace       used 13444K, capacity 13612K, committed 13824K, reserved 1060864K
  class space    used 1353K, capacity 1445K, committed 1536K, reserved 1048576K
Event: 1.994 GC heap after
Heap after GC invocations=4 (full 2):
 PSYoungGen      total 76288K, used 0K [0x000000076b000000, 0x0000000770500000, 0x00000007c0000000)
  eden space 65536K, 0% used [0x000000076b000000,0x000000076b000000,0x000000076f000000)
  from space 10752K, 0% used [0x000000076fa80000,0x000000076fa80000,0x0000000770500000)
  to   space 10752K, 0% used [0x000000076f000000,0x000000076f000000,0x000000076fa80000)
 ParOldGen       total 175104K, used 7153K [0x00000006c1000000, 0x00000006cbb00000, 0x000000076b000000)
  object space 175104K, 4% used [0x00000006c1000000,0x00000006c16fc750,0x00000006cbb00000)
 Metaspace       used 13444K, capacity 13612K, committed 13824K, reserved 1060864K
  class space    used 1353K, capacity 1445K, committed 1536K, reserved 1048576K
}

Deoptimization events (10 events):
Event: 4.201 Thread 0x0000026b45a2c800 Uncommon trap: reason=unstable_if action=reinterpret pc=0x0000026b2a659600 method=org.runite.jagex.Class105.method1638(Lorg/runite/jagex/Class9;)V @ 1025
Event: 4.362 Thread 0x0000026b45a2c800 Uncommon trap: reason=unstable_if action=reinterpret pc=0x0000026b2a632600 method=org.runite.jagex.Class105.method1634(Lorg/runite/jagex/Class9;)V @ 315
Event: 4.370 Thread 0x0000026b45a2c800 Uncommon trap: reason=unstable_if action=reinterpret pc=0x0000026b2a635d70 method=org.runite.jagex.Class105.method1634(Lorg/runite/jagex/Class9;)V @ 274
Event: 4.409 Thread 0x0000026b45a2c800 Uncommon trap: reason=class_check action=maybe_recompile pc=0x0000026b2a5214dc method=java.lang.StringCoding$StringDecoder.decode([BII)[C @ 40
Event: 4.409 Thread 0x0000026b45a2c800 Uncommon trap: reason=class_check action=maybe_recompile pc=0x0000026b2a5214dc method=java.lang.StringCoding$StringDecoder.decode([BII)[C @ 40
Event: 4.409 Thread 0x0000026b45a2c800 Uncommon trap: reason=class_check action=maybe_recompile pc=0x0000026b2a5214dc method=java.lang.StringCoding$StringDecoder.decode([BII)[C @ 40
Event: 4.409 Thread 0x0000026b45a2c800 Uncommon trap: reason=class_check action=maybe_recompile pc=0x0000026b2a5214dc method=java.lang.StringCoding$StringDecoder.decode([BII)[C @ 40
Event: 4.409 Thread 0x0000026b45a2c800 Uncommon trap: reason=class_check action=maybe_recompile pc=0x0000026b2a518000 method=java.lang.StringCoding$StringDecoder.decode([BII)[C @ 40
Event: 4.442 Thread 0x0000026b45a2c800 Uncommon trap: reason=unstable_if action=reinterpret pc=0x0000026b2a72e1c4 method=sun.nio.cs.UTF_8$Decoder.decode([BII[C)I @ 30
Event: 4.508 Thread 0x0000026b45a2c800 Uncommon trap: reason=unstable_if action=reinterpret pc=0x0000026b2a75a0a4 method=java.lang.String.contains(Ljava/lang/CharSequence;)Z @ 11

Classes redefined (0 events):
No events

Internal exceptions (10 events):
Event: 0.151 Thread 0x0000026b286e0800 Exception <a 'java/security/PrivilegedActionException'> (0x000000076b37a480) thrown at [C:\jenkins\workspace\8-2-build-windows-amd64-cygwin\jdk8u261\295\hotspot\src\share\vm\prims\jvm.cpp, line 1512]
Event: 0.151 Thread 0x0000026b286e0800 Exception <a 'java/security/PrivilegedActionException'> (0x000000076b37a690) thrown at [C:\jenkins\workspace\8-2-build-windows-amd64-cygwin\jdk8u261\295\hotspot\src\share\vm\prims\jvm.cpp, line 1512]
Event: 0.152 Thread 0x0000026b286e0800 Exception <a 'java/security/PrivilegedActionException'> (0x000000076b37e5a0) thrown at [C:\jenkins\workspace\8-2-build-windows-amd64-cygwin\jdk8u261\295\hotspot\src\share\vm\prims\jvm.cpp, line 1512]
Event: 0.152 Thread 0x0000026b286e0800 Exception <a 'java/security/PrivilegedActionException'> (0x000000076b37e7b0) thrown at [C:\jenkins\workspace\8-2-build-windows-amd64-cygwin\jdk8u261\295\hotspot\src\share\vm\prims\jvm.cpp, line 1512]
Event: 0.163 Thread 0x0000026b286e0800 Exception <a 'java/io/FileNotFoundException'> (0x000000076b385f90) thrown at [C:\jenkins\workspace\8-2-build-windows-amd64-cygwin\jdk8u261\295\hotspot\src\share\vm\prims\jni.cpp, line 710]
Event: 0.194 Thread 0x0000026b286e0800 Exception <a 'java/lang/NoSuchFieldError': method resolution failed> (0x000000076b5fe1f8) thrown at [C:\jenkins\workspace\8-2-build-windows-amd64-cygwin\jdk8u261\295\hotspot\src\share\vm\prims\methodHandles.cpp, line 1169]
Event: 0.195 Thread 0x0000026b286e0800 Exception <a 'java/lang/NoSuchFieldError': method resolution failed> (0x000000076b60c070) thrown at [C:\jenkins\workspace\8-2-build-windows-amd64-cygwin\jdk8u261\295\hotspot\src\share\vm\prims\methodHandles.cpp, line 1169]
Event: 0.281 Thread 0x0000026b286e0800 Implicit null exception at 0x0000026b2a30429b to 0x0000026b2a30448d
Event: 0.287 Thread 0x0000026b286e0800 Exception <a 'java/io/FileNotFoundException'> (0x000000076bafe820) thrown at [C:\jenkins\workspace\8-2-build-windows-amd64-cygwin\jdk8u261\295\hotspot\src\share\vm\prims\jni.cpp, line 710]
Event: 4.019 Thread 0x0000026b459a5000 Exception <a 'java/net/ConnectException': Connection refused: connect> (0x000000076b51f860) thrown at [C:\jenkins\workspace\8-2-build-windows-amd64-cygwin\jdk8u261\295\hotspot\src\share\vm\prims\jni.cpp, line 737]

Events (10 events):
Event: 4.513 Executing VM operation: RevokeBias
Event: 4.513 Executing VM operation: RevokeBias done
Event: 4.513 Executing VM operation: RevokeBias
Event: 4.513 Executing VM operation: RevokeBias done
Event: 4.513 Thread 0x0000026b49373000 Thread added: 0x0000026b49373000
Event: 4.516 Executing VM operation: RevokeBias
Event: 4.516 Executing VM operation: RevokeBias done
Event: 4.516 Executing VM operation: RevokeBias
Event: 4.516 Executing VM operation: RevokeBias done
Event: 4.516 Thread 0x0000026b49373000 Thread exited: 0x0000026b49373000


Dynamic libraries:
0x00007ff615100000 - 0x00007ff615147000 	C:\Program Files\Java\jdk1.8.0_261\bin\java.exe
0x00007ffd0d360000 - 0x00007ffd0d550000 	C:\Windows\SYSTEM32\ntdll.dll
0x00007ffd0bc60000 - 0x00007ffd0bd12000 	C:\Windows\System32\KERNEL32.DLL
0x00007ffd0a390000 - 0x00007ffd0a634000 	C:\Windows\System32\KERNELBASE.dll
0x00007ffd0b910000 - 0x00007ffd0b9b3000 	C:\Windows\System32\ADVAPI32.dll
0x00007ffd0b550000 - 0x00007ffd0b5ee000 	C:\Windows\System32\msvcrt.dll
0x00007ffd0b800000 - 0x00007ffd0b897000 	C:\Windows\System32\sechost.dll
0x00007ffd0b430000 - 0x00007ffd0b550000 	C:\Windows\System32\RPCRT4.dll
0x00007ffd0bdc0000 - 0x00007ffd0bf55000 	C:\Windows\System32\USER32.dll
0x00007ffd0b3e0000 - 0x00007ffd0b401000 	C:\Windows\System32\win32u.dll
0x00007ffd0bd20000 - 0x00007ffd0bd46000 	C:\Windows\System32\GDI32.dll
0x00007ffd0aab0000 - 0x00007ffd0ac46000 	C:\Windows\System32\gdi32full.dll
0x00007ffd0a740000 - 0x00007ffd0a7de000 	C:\Windows\System32\msvcp_win.dll
0x00007ffd0a640000 - 0x00007ffd0a73a000 	C:\Windows\System32\ucrtbase.dll
0x00007ffcfa3e0000 - 0x00007ffcfa664000 	C:\Windows\WinSxS\amd64_microsoft.windows.common-controls_6595b64144ccf1df_6.0.18362.1016_none_9e7a36bbe461dae4\COMCTL32.dll
0x00007ffd0cdd0000 - 0x00007ffd0d105000 	C:\Windows\System32\combase.dll
0x00007ffd0a7e0000 - 0x00007ffd0a860000 	C:\Windows\System32\bcryptPrimitives.dll
0x00007ffd0b9c0000 - 0x00007ffd0b9ee000 	C:\Windows\System32\IMM32.DLL
0x00007ffcef030000 - 0x00007ffcef045000 	C:\Program Files\Java\jdk1.8.0_261\jre\bin\vcruntime140.dll
0x00007ffce99d0000 - 0x00007ffce9a6b000 	C:\Program Files\Java\jdk1.8.0_261\jre\bin\msvcp140.dll
0x0000000073950000 - 0x00000000741bc000 	C:\Program Files\Java\jdk1.8.0_261\jre\bin\server\jvm.dll
0x00007ffd0c650000 - 0x00007ffd0c658000 	C:\Windows\System32\PSAPI.DLL
0x00007ffd06c70000 - 0x00007ffd06c79000 	C:\Windows\SYSTEM32\WSOCK32.dll
0x00007ffd0cd60000 - 0x00007ffd0cdcf000 	C:\Windows\System32\WS2_32.dll
0x00007ffd03a00000 - 0x00007ffd03a0a000 	C:\Windows\SYSTEM32\VERSION.dll
0x00007ffd06ef0000 - 0x00007ffd06f14000 	C:\Windows\SYSTEM32\WINMM.dll
0x00007ffd06ec0000 - 0x00007ffd06eed000 	C:\Windows\SYSTEM32\winmmbase.dll
0x00007ffd0a910000 - 0x00007ffd0a95a000 	C:\Windows\System32\cfgmgr32.dll
0x00007ffd0a240000 - 0x00007ffd0a251000 	C:\Windows\System32\kernel.appcore.dll
0x00007ffd06c80000 - 0x00007ffd06c90000 	C:\Program Files\Java\jdk1.8.0_261\jre\bin\verify.dll
0x00007ffcecdd0000 - 0x00007ffcecdfb000 	C:\Program Files\Java\jdk1.8.0_261\jre\bin\java.dll
0x00007ffcf7680000 - 0x00007ffcf76b2000 	C:\Program Files\Java\jdk1.8.0_261\jre\bin\instrument.dll
0x00007ffcecdb0000 - 0x00007ffcecdc8000 	C:\Program Files\Java\jdk1.8.0_261\jre\bin\zip.dll
0x00007ffd0bf60000 - 0x00007ffd0c647000 	C:\Windows\System32\SHELL32.dll
0x00007ffd0d270000 - 0x00007ffd0d319000 	C:\Windows\System32\shcore.dll
0x00007ffd0ac50000 - 0x00007ffd0b3d2000 	C:\Windows\System32\windows.storage.dll
0x00007ffd0a2b0000 - 0x00007ffd0a2d3000 	C:\Windows\System32\profapi.dll
0x00007ffd0a260000 - 0x00007ffd0a2aa000 	C:\Windows\System32\powrprof.dll
0x00007ffd0a210000 - 0x00007ffd0a220000 	C:\Windows\System32\UMPDC.dll
0x00007ffd0cd00000 - 0x00007ffd0cd52000 	C:\Windows\System32\shlwapi.dll
0x00007ffd0a370000 - 0x00007ffd0a387000 	C:\Windows\System32\cryptsp.dll
0x00007ffd062b0000 - 0x00007ffd062ca000 	C:\Program Files\JetBrains\IntelliJ IDEA Community Edition 2020.2\bin\breakgen64.dll
0x00007ffcecd90000 - 0x00007ffcecdac000 	C:\Program Files\Java\jdk1.8.0_261\jre\bin\net.dll
0x00007ffd09a70000 - 0x00007ffd09ad7000 	C:\Windows\system32\mswsock.dll
0x00007ffcdde80000 - 0x00007ffcde014000 	C:\Program Files\Java\jdk1.8.0_261\jre\bin\awt.dll
0x00007ffd0c6c0000 - 0x00007ffd0c785000 	C:\Windows\System32\OLEAUT32.dll
0x00007ffd084a0000 - 0x00007ffd0852f000 	C:\Windows\SYSTEM32\apphelp.dll
0x00007ffd08570000 - 0x00007ffd08609000 	C:\Windows\system32\uxtheme.dll
0x00007ffd0b5f0000 - 0x00007ffd0b725000 	C:\Windows\System32\MSCTF.dll
0x00007ffd0d110000 - 0x00007ffd0d267000 	C:\Windows\System32\ole32.dll
0x00007ffd089a0000 - 0x00007ffd089cd000 	C:\Windows\system32\DWMAPI.DLL
0x00007ffcd1fc0000 - 0x00007ffcd2116000 	C:\Windows\system32\opengl32.dll
0x00007ffcf5d50000 - 0x00007ffcf5d7c000 	C:\Windows\SYSTEM32\GLU32.dll
0x00007ffd08ee0000 - 0x00007ffd08f00000 	C:\Windows\SYSTEM32\dxcore.dll
0x00007ffcf7460000 - 0x00007ffcf74a9000 	C:\Program Files\Java\jdk1.8.0_261\jre\bin\fontmanager.dll
0x00007ffcffdf0000 - 0x00007ffcffe8e000 	C:\Windows\System32\TextInputFramework.dll
0x00007ffd046c0000 - 0x00007ffd049ea000 	C:\Windows\System32\CoreUIComponents.dll
0x00007ffd08260000 - 0x00007ffd08334000 	C:\Windows\System32\CoreMessaging.dll
0x00007ffd09260000 - 0x00007ffd09291000 	C:\Windows\SYSTEM32\ntmarta.dll
0x00007ffd05e70000 - 0x00007ffd05fc3000 	C:\Windows\SYSTEM32\wintypes.dll
0x00007ffcfd9a0000 - 0x00007ffcfdc46000 	C:\Windows\System32\iertutil.dll
0x00007ffd09780000 - 0x00007ffd097ba000 	C:\Windows\SYSTEM32\IPHLPAPI.DLL
0x00007ffd0b9f0000 - 0x00007ffd0b9f8000 	C:\Windows\System32\NSI.dll
0x00007ffd039e0000 - 0x00007ffd039f6000 	C:\Windows\SYSTEM32\dhcpcsvc6.DLL
0x00007ffd03960000 - 0x00007ffd0397c000 	C:\Windows\SYSTEM32\dhcpcsvc.DLL
0x00007ffd097c0000 - 0x00007ffd0988b000 	C:\Windows\SYSTEM32\DNSAPI.dll
0x00007ffd095e0000 - 0x00007ffd09613000 	C:\Windows\system32\rsaenh.dll
0x00007ffd0a2e0000 - 0x00007ffd0a306000 	C:\Windows\System32\bcrypt.dll
0x00007ffd0a100000 - 0x00007ffd0a125000 	C:\Windows\SYSTEM32\USERENV.dll
0x00007ffd09c40000 - 0x00007ffd09c4c000 	C:\Windows\SYSTEM32\CRYPTBASE.dll
0x00007ffceca00000 - 0x00007ffceca13000 	C:\Program Files\Java\jdk1.8.0_261\jre\bin\nio.dll
0x00007ffcf0590000 - 0x00007ffcf05d3000 	C:\Program Files\Java\jdk1.8.0_261\jre\bin\t2k.dll
0x00007ffd06cc0000 - 0x00007ffd06ccd000 	C:\Program Files\Java\jdk1.8.0_261\jre\bin\jsound.dll
0x00007ffd06c30000 - 0x00007ffd06c3d000 	C:\Program Files\Java\jdk1.8.0_261\jre\bin\jsoundds.dll
0x00007ffcdd220000 - 0x00007ffcdd2b9000 	C:\Windows\SYSTEM32\DSOUND.dll
0x00007ffd03dd0000 - 0x00007ffd03e42000 	C:\Windows\SYSTEM32\MMDevAPI.DLL
0x00007ffd0a010000 - 0x00007ffd0a03a000 	C:\Windows\SYSTEM32\DEVOBJ.dll
0x00007ffcd3dc0000 - 0x00007ffcd3e04000 	C:\Windows\SYSTEM32\wdmaud.drv
0x00007ffd055a0000 - 0x00007ffd055a9000 	C:\Windows\SYSTEM32\ksuser.dll
0x00007ffd05180000 - 0x00007ffd0518a000 	C:\Windows\SYSTEM32\AVRT.dll
0x00007ffd041a0000 - 0x00007ffd042fd000 	C:\Windows\SYSTEM32\AUDIOSES.DLL
0x00007ffceb170000 - 0x00007ffceb17d000 	C:\Windows\SYSTEM32\msacm32.drv
0x00007ffcd4200000 - 0x00007ffcd421c000 	C:\Windows\SYSTEM32\MSACM32.dll
0x00007ffce9510000 - 0x00007ffce951a000 	C:\Windows\SYSTEM32\midimap.dll
0x00007ffd0ba00000 - 0x00007ffd0baa2000 	C:\Windows\System32\clbcatq.dll
0x00007ffd088a0000 - 0x00007ffd088b4000 	C:\Windows\SYSTEM32\resourcepolicyclient.dll
0x00007ffcffe90000 - 0x00007ffcfffe1000 	C:\Windows\System32\Windows.UI.dll
0x00007ffcffc90000 - 0x00007ffcffdab000 	C:\Windows\System32\InputHost.dll
0x00007ffd06670000 - 0x00007ffd06760000 	C:\Windows\System32\PROPSYS.dll

VM Arguments:
jvm_args: -javaagent:C:\Program Files\JetBrains\IntelliJ IDEA Community Edition 2020.2\lib\idea_rt.jar=53776:C:\Program Files\JetBrains\IntelliJ IDEA Community Edition 2020.2\bin -Dfile.encoding=UTF-8 
java_command: org.runite.GameLaunch
java_class_path (initial): C:\Program Files\Java\jdk1.8.0_261\jre\lib\charsets.jar;C:\Program Files\Java\jdk1.8.0_261\jre\lib\deploy.jar;C:\Program Files\Java\jdk1.8.0_261\jre\lib\ext\access-bridge-64.jar;C:\Program Files\Java\jdk1.8.0_261\jre\lib\ext\cldrdata.jar;C:\Program Files\Java\jdk1.8.0_261\jre\lib\ext\dnsns.jar;C:\Program Files\Java\jdk1.8.0_261\jre\lib\ext\jaccess.jar;C:\Program Files\Java\jdk1.8.0_261\jre\lib\ext\jfxrt.jar;C:\Program Files\Java\jdk1.8.0_261\jre\lib\ext\localedata.jar;C:\Program Files\Java\jdk1.8.0_261\jre\lib\ext\nashorn.jar;C:\Program Files\Java\jdk1.8.0_261\jre\lib\ext\sunec.jar;C:\Program Files\Java\jdk1.8.0_261\jre\lib\ext\sunjce_provider.jar;C:\Program Files\Java\jdk1.8.0_261\jre\lib\ext\sunmscapi.jar;C:\Program Files\Java\jdk1.8.0_261\jre\lib\ext\sunpkcs11.jar;C:\Program Files\Java\jdk1.8.0_261\jre\lib\ext\zipfs.jar;C:\Program Files\Java\jdk1.8.0_261\jre\lib\javaws.jar;C:\Program Files\Java\jdk1.8.0_261\jre\lib\jce.jar;C:\Program Files\Java\jdk1.8.0_261\jre\lib\jfr.jar;C:\Program Files\Java\jdk1.8.0_261\jre\lib\jfxswt.jar;C:\Program Files\Java\jdk1.8.0_261\jre\lib\jsse.jar;C:\Program Files\Java\jdk1.8.0_261\jre\lib\management-agent.jar;C:\Program Files\Java\jdk1.8.0_261\jre\lib\plugin.jar;C:\Program Files\Java\jdk1.8.0_261\jre\lib\resources.jar;C:\Program Files\Java\jdk1.8.0_261\jre\lib\rt.jar;C:\Users\jesse\OneDrive - Texas A&M University-San Antonio\Learning\Programming\Java\Projects\IdeaProj\custom2009\CompiledServer\production\RS-2009;C:\Program Files\JetBrains\IntelliJ IDEA Community Edition 2020.2\plugins\Kotlin\kotlinc\lib\kotlin-stdlib.jar;C:\Program Files\JetBrains\IntelliJ IDEA Community Edition 2020.2\plugins\Kotlin\kotlinc\lib\kotlin-reflect.jar;C:\Program Files\JetBrains\IntelliJ IDEA Community Edition 2020.2\plugins\Kotlin\kotlinc\lib\kotlin-test.jar;C:\Program Files\JetBrains\IntelliJ IDEA Community Edition 2020.2\plugins\Kotlin\kotlinc\lib\kotlin-stdlib-jdk7.jar;C:\Program Files\JetBrains\IntelliJ IDEA Community Ed
Launcher Type: SUN_STANDARD

Environment Variables:
JAVA_HOME=C:\Program Files\Java\jdk1.8.0_261
PATH=C:\Program Files (x86)\Common Files\Oracle\Java\javapath;C:\ProgramData\Oracle\Java\javapath;C:\Program Files\Java\jdk1.8.0_261\bin;C:\Windows\system32;C:\Windows;C:\Windows\System32\Wbem;C:\Windows\System32\WindowsPowerShell\v1.0\;C:\Windows\System32\OpenSSH\;C:\Program Files (x86)\NVIDIA Corporation\PhysX\Common;C:\Program Files\NVIDIA Corporation\NVIDIA NvDLISR;C:\Program Files\Git\cmd;C:\Program Files (x86)\GtkSharp\2.12\bin;C:\Program Files\SourceGear\Common\DiffMerge\;C:\Program Files\PuTTY\;C:\Users\jesse\anaconda3;C:\Users\jesse\anaconda3\Library\mingw-w64\bin;C:\Users\jesse\anaconda3\Library\usr\bin;C:\Users\jesse\anaconda3\Library\bin;C:\Users\jesse\anaconda3\Scripts;C:\Users\jesse\AppData\Local\Microsoft\WindowsApps;C:\Program Files\JetBrains\IntelliJ IDEA Community Edition 2020.2\bin;;C:\Gradle\gradle-6.6\bin;
USERNAME=jesse
OS=Windows_NT
PROCESSOR_IDENTIFIER=Intel64 Family 6 Model 158 Stepping 13, GenuineIntel



---------------  S Y S T E M  ---------------

OS: Windows 10.0 , 64 bit Build 18362 (10.0.18362.959)

CPU:total 8 (initial active 8) (8 cores per cpu, 1 threads per core) family 6 model 158 stepping 13, cmov, cx8, fxsr, mmx, sse, sse2, sse3, ssse3, sse4.1, sse4.2, popcnt, avx, avx2, aes, clmul, erms, rtm, 3dnowpref, lzcnt, tsc, tscinvbit, bmi1, bmi2, adx

Memory: 4k page, physical 16704064k(5452448k free), swap 67035712k(3120k free)

vm_info: Java HotSpot(TM) 64-Bit Server VM (25.261-b12) for windows-amd64 JRE (1.8.0_261-b12), built on Jun 18 2020 06:56:32 by "" with unknown MS VC++:1916

time: Sat Sep  5 16:49:20 2020
timezone: Central Daylight Time
elapsed time: 4 seconds (0d 0h 0m 4s)

